{"/Users/bbogdanov/Projects/clarity/packages/eslint-plugin-clarity-migration/src/html-parser.ts": {"path":"/Users/bbogdanov/Projects/clarity/packages/eslint-plugin-clarity-migration/src/html-parser.ts","statementMap":{"0":{"start":{"line":4,"column":0},"end":{"line":4,"column":31}},"1":{"start":{"line":5,"column":0},"end":{"line":5,"column":51}},"2":{"start":{"line":6,"column":0},"end":{"line":6,"column":49}},"3":{"start":{"line":20,"column":26},"end":{"line":20,"column":33}},"4":{"start":{"line":23,"column":28},"end":{"line":23,"column":83}},"5":{"start":{"line":25,"column":2},"end":{"line":25,"column":102}},"6":{"start":{"line":30,"column":25},"end":{"line":30,"column":48}},"7":{"start":{"line":32,"column":2},"end":{"line":39,"column":null}},"8":{"start":{"line":33,"column":4},"end":{"line":33,"column":56}},"9":{"start":{"line":35,"column":4},"end":{"line":38,"column":6}},"10":{"start":{"line":43,"column":2},"end":{"line":51,"column":4}},"11":{"start":{"line":53,"column":2},"end":{"line":55,"column":null}},"12":{"start":{"line":54,"column":4},"end":{"line":54,"column":38}},"13":{"start":{"line":57,"column":42},"end":{"line":57,"column":46}},"14":{"start":{"line":58,"column":21},"end":{"line":58,"column":39}},"15":{"start":{"line":60,"column":2},"end":{"line":63,"column":null}},"16":{"start":{"line":61,"column":4},"end":{"line":61,"column":40}},"17":{"start":{"line":62,"column":4},"end":{"line":62,"column":56}},"18":{"start":{"line":65,"column":36},"end":{"line":65,"column":38}},"19":{"start":{"line":66,"column":2},"end":{"line":66,"column":36}},"20":{"start":{"line":68,"column":2},"end":{"line":71,"column":null}},"21":{"start":{"line":69,"column":4},"end":{"line":69,"column":34}},"22":{"start":{"line":70,"column":4},"end":{"line":70,"column":56}},"23":{"start":{"line":74,"column":21},"end":{"line":74,"column":22}},"24":{"start":{"line":76,"column":4},"end":{"line":80,"column":null}},"25":{"start":{"line":77,"column":6},"end":{"line":79,"column":null}},"26":{"start":{"line":78,"column":8},"end":{"line":78,"column":14}},"27":{"start":{"line":82,"column":25},"end":{"line":82,"column":69}},"28":{"start":{"line":83,"column":20},"end":{"line":83,"column":22}},"29":{"start":{"line":85,"column":4},"end":{"line":95,"column":null}},"30":{"start":{"line":86,"column":6},"end":{"line":88,"column":null}},"31":{"start":{"line":87,"column":8},"end":{"line":87,"column":17}},"32":{"start":{"line":90,"column":6},"end":{"line":94,"column":null}},"33":{"start":{"line":91,"column":8},"end":{"line":91,"column":20}},"34":{"start":{"line":93,"column":8},"end":{"line":93,"column":14}},"35":{"start":{"line":97,"column":4},"end":{"line":100,"column":6}},"36":{"start":{"line":103,"column":46},"end":{"line":113,"column":4}},"37":{"start":{"line":115,"column":47},"end":{"line":115,"column":49}},"38":{"start":{"line":116,"column":28},"end":{"line":130,"column":4}},"39":{"start":{"line":134,"column":48},"end":{"line":157,"column":3}},"40":{"start":{"line":136,"column":31},"end":{"line":136,"column":64}},"41":{"start":{"line":138,"column":4},"end":{"line":147,"column":6}},"42":{"start":{"line":149,"column":4},"end":{"line":149,"column":62}},"43":{"start":{"line":150,"column":4},"end":{"line":153,"column":6}},"44":{"start":{"line":154,"column":4},"end":{"line":154,"column":75}},"45":{"start":{"line":156,"column":4},"end":{"line":156,"column":49}},"46":{"start":{"line":159,"column":48},"end":{"line":185,"column":3}},"47":{"start":{"line":160,"column":33},"end":{"line":171,"column":6}},"48":{"start":{"line":173,"column":4},"end":{"line":182,"column":null}},"49":{"start":{"line":174,"column":6},"end":{"line":176,"column":null}},"50":{"start":{"line":175,"column":8},"end":{"line":175,"column":37}},"51":{"start":{"line":178,"column":6},"end":{"line":178,"column":44}},"52":{"start":{"line":180,"column":6},"end":{"line":180,"column":28}},"53":{"start":{"line":181,"column":6},"end":{"line":181,"column":35}},"54":{"start":{"line":184,"column":4},"end":{"line":184,"column":29}},"55":{"start":{"line":187,"column":47},"end":{"line":226,"column":3}},"56":{"start":{"line":188,"column":46},"end":{"line":200,"column":6}},"57":{"start":{"line":203,"column":18},"end":{"line":203,"column":37}},"58":{"start":{"line":204,"column":16},"end":{"line":204,"column":35}},"59":{"start":{"line":205,"column":4},"end":{"line":214,"column":6}},"60":{"start":{"line":216,"column":4},"end":{"line":216,"column":50}},"61":{"start":{"line":218,"column":4},"end":{"line":220,"column":null}},"62":{"start":{"line":219,"column":6},"end":{"line":219,"column":37}},"63":{"start":{"line":222,"column":4},"end":{"line":222,"column":63}},"64":{"start":{"line":224,"column":4},"end":{"line":224,"column":44}},"65":{"start":{"line":225,"column":4},"end":{"line":225,"column":41}},"66":{"start":{"line":228,"column":44},"end":{"line":422,"column":4}},"67":{"start":{"line":230,"column":6},"end":{"line":230,"column":73}},"68":{"start":{"line":231,"column":6},"end":{"line":231,"column":34}},"69":{"start":{"line":235,"column":6},"end":{"line":235,"column":63}},"70":{"start":{"line":236,"column":6},"end":{"line":236,"column":80}},"71":{"start":{"line":237,"column":6},"end":{"line":237,"column":117}},"72":{"start":{"line":239,"column":6},"end":{"line":239,"column":60}},"73":{"start":{"line":243,"column":6},"end":{"line":298,"column":null}},"74":{"start":{"line":244,"column":57},"end":{"line":244,"column":83}},"75":{"start":{"line":246,"column":8},"end":{"line":295,"column":null}},"76":{"start":{"line":247,"column":45},"end":{"line":247,"column":81}},"77":{"start":{"line":249,"column":10},"end":{"line":271,"column":null}},"78":{"start":{"line":250,"column":67},"end":{"line":250,"column":106}},"79":{"start":{"line":252,"column":12},"end":{"line":270,"column":null}},"80":{"start":{"line":253,"column":14},"end":{"line":256,"column":null}},"81":{"start":{"line":254,"column":16},"end":{"line":254,"column":56}},"82":{"start":{"line":255,"column":16},"end":{"line":255,"column":56}},"83":{"start":{"line":258,"column":14},"end":{"line":269,"column":null}},"84":{"start":{"line":259,"column":16},"end":{"line":261,"column":null}},"85":{"start":{"line":260,"column":18},"end":{"line":260,"column":64}},"86":{"start":{"line":263,"column":16},"end":{"line":265,"column":null}},"87":{"start":{"line":264,"column":18},"end":{"line":264,"column":62}},"88":{"start":{"line":267,"column":16},"end":{"line":267,"column":62}},"89":{"start":{"line":268,"column":16},"end":{"line":268,"column":60}},"90":{"start":{"line":273,"column":10},"end":{"line":280,"column":null}},"91":{"start":{"line":274,"column":12},"end":{"line":276,"column":null}},"92":{"start":{"line":275,"column":14},"end":{"line":275,"column":43}},"93":{"start":{"line":279,"column":12},"end":{"line":279,"column":92}},"94":{"start":{"line":282,"column":10},"end":{"line":294,"column":null}},"95":{"start":{"line":283,"column":12},"end":{"line":293,"column":null}},"96":{"start":{"line":284,"column":14},"end":{"line":292,"column":null}},"97":{"start":{"line":285,"column":16},"end":{"line":285,"column":84}},"98":{"start":{"line":287,"column":16},"end":{"line":291,"column":null}},"99":{"start":{"line":288,"column":18},"end":{"line":290,"column":null}},"100":{"start":{"line":289,"column":20},"end":{"line":289,"column":59}},"101":{"start":{"line":297,"column":8},"end":{"line":297,"column":15}},"102":{"start":{"line":300,"column":40},"end":{"line":300,"column":71}},"103":{"start":{"line":302,"column":8},"end":{"line":302,"column":87}},"104":{"start":{"line":304,"column":8},"end":{"line":306,"column":117}},"105":{"start":{"line":308,"column":6},"end":{"line":329,"column":null}},"106":{"start":{"line":309,"column":55},"end":{"line":318,"column":10}},"107":{"start":{"line":320,"column":8},"end":{"line":326,"column":null}},"108":{"start":{"line":321,"column":10},"end":{"line":323,"column":null}},"109":{"start":{"line":322,"column":12},"end":{"line":322,"column":41}},"110":{"start":{"line":325,"column":10},"end":{"line":325,"column":63}},"111":{"start":{"line":328,"column":8},"end":{"line":328,"column":44}},"112":{"start":{"line":331,"column":6},"end":{"line":355,"column":null}},"113":{"start":{"line":332,"column":35},"end":{"line":344,"column":10}},"114":{"start":{"line":346,"column":8},"end":{"line":352,"column":null}},"115":{"start":{"line":347,"column":10},"end":{"line":349,"column":null}},"116":{"start":{"line":348,"column":12},"end":{"line":348,"column":41}},"117":{"start":{"line":351,"column":10},"end":{"line":351,"column":49}},"118":{"start":{"line":354,"column":8},"end":{"line":354,"column":30}},"119":{"start":{"line":357,"column":6},"end":{"line":378,"column":null}},"120":{"start":{"line":358,"column":56},"end":{"line":367,"column":10}},"121":{"start":{"line":369,"column":8},"end":{"line":375,"column":null}},"122":{"start":{"line":370,"column":10},"end":{"line":372,"column":null}},"123":{"start":{"line":371,"column":12},"end":{"line":371,"column":41}},"124":{"start":{"line":374,"column":10},"end":{"line":374,"column":64}},"125":{"start":{"line":377,"column":8},"end":{"line":377,"column":45}},"126":{"start":{"line":382,"column":35},"end":{"line":392,"column":8}},"127":{"start":{"line":394,"column":6},"end":{"line":400,"column":null}},"128":{"start":{"line":395,"column":8},"end":{"line":397,"column":null}},"129":{"start":{"line":396,"column":10},"end":{"line":396,"column":39}},"130":{"start":{"line":399,"column":8},"end":{"line":399,"column":46}},"131":{"start":{"line":402,"column":6},"end":{"line":402,"column":27}},"132":{"start":{"line":406,"column":27},"end":{"line":406,"column":77}},"133":{"start":{"line":408,"column":63},"end":{"line":418,"column":8}},"134":{"start":{"line":420,"column":6},"end":{"line":420,"column":41}},"135":{"start":{"line":424,"column":21},"end":{"line":424,"column":45}},"136":{"start":{"line":425,"column":2},"end":{"line":425,"column":66}},"137":{"start":{"line":426,"column":31},"end":{"line":426,"column":54}},"138":{"start":{"line":427,"column":2},"end":{"line":430,"column":4}},"139":{"start":{"line":428,"column":4},"end":{"line":428,"column":43}},"140":{"start":{"line":429,"column":4},"end":{"line":429,"column":26}},"141":{"start":{"line":432,"column":31},"end":{"line":432,"column":54}},"142":{"start":{"line":433,"column":2},"end":{"line":436,"column":4}},"143":{"start":{"line":434,"column":4},"end":{"line":434,"column":43}},"144":{"start":{"line":435,"column":4},"end":{"line":435,"column":26}},"145":{"start":{"line":438,"column":32},"end":{"line":438,"column":56}},"146":{"start":{"line":439,"column":2},"end":{"line":442,"column":4}},"147":{"start":{"line":440,"column":4},"end":{"line":440,"column":44}},"148":{"start":{"line":441,"column":4},"end":{"line":441,"column":27}},"149":{"start":{"line":444,"column":2},"end":{"line":444,"column":33}},"150":{"start":{"line":446,"column":37},"end":{"line":454,"column":4}},"151":{"start":{"line":456,"column":37},"end":{"line":456,"column":57}},"152":{"start":{"line":459,"column":2},"end":{"line":459,"column":61}},"153":{"start":{"line":461,"column":40},"end":{"line":466,"column":4}},"154":{"start":{"line":468,"column":2},"end":{"line":468,"column":16}},"155":{"start":{"line":42,"column":0},"end":{"line":42,"column":16}},"156":{"start":{"line":472,"column":2},"end":{"line":472,"column":43}},"157":{"start":{"line":471,"column":0},"end":{"line":471,"column":16}}},"fnMap":{"0":{"name":"isHtmlFile","decl":{"start":{"line":22,"column":9},"end":{"line":22,"column":19}},"loc":{"start":{"line":22,"column":41},"end":{"line":26,"column":1}}},"1":{"name":"parseScript","decl":{"start":{"line":28,"column":9},"end":{"line":28,"column":20}},"loc":{"start":{"line":28,"column":42},"end":{"line":40,"column":1}}},"2":{"name":"parseForESLint","decl":{"start":{"line":42,"column":16},"end":{"line":42,"column":30}},"loc":{"start":{"line":42,"column":57},"end":{"line":469,"column":1}}},"3":{"name":"getLineAndColumn","decl":{"start":{"line":73,"column":11},"end":{"line":73,"column":27}},"loc":{"start":{"line":73,"column":41},"end":{"line":101,"column":3}}},"4":{"name":"(anonymous_4)","decl":{"start":{"line":134,"column":48},"end":{"line":134,"column":49}},"loc":{"start":{"line":134,"column":66},"end":{"line":157,"column":3}}},"5":{"name":"(anonymous_5)","decl":{"start":{"line":159,"column":48},"end":{"line":159,"column":49}},"loc":{"start":{"line":159,"column":65},"end":{"line":185,"column":3}}},"6":{"name":"(anonymous_6)","decl":{"start":{"line":187,"column":47},"end":{"line":187,"column":48}},"loc":{"start":{"line":187,"column":64},"end":{"line":226,"column":3}}},"7":{"name":"(anonymous_7)","decl":{"start":{"line":229,"column":15},"end":{"line":229,"column":18}},"loc":{"start":{"line":229,"column":20},"end":{"line":232,"column":5}}},"8":{"name":"(anonymous_8)","decl":{"start":{"line":234,"column":16},"end":{"line":234,"column":19}},"loc":{"start":{"line":234,"column":21},"end":{"line":240,"column":5}}},"9":{"name":"(anonymous_9)","decl":{"start":{"line":242,"column":12},"end":{"line":242,"column":13}},"loc":{"start":{"line":242,"column":29},"end":{"line":379,"column":5}}},"10":{"name":"(anonymous_10)","decl":{"start":{"line":381,"column":15},"end":{"line":381,"column":16}},"loc":{"start":{"line":381,"column":32},"end":{"line":403,"column":5}}},"11":{"name":"(anonymous_11)","decl":{"start":{"line":405,"column":29},"end":{"line":405,"column":30}},"loc":{"start":{"line":405,"column":66},"end":{"line":421,"column":5}}},"12":{"name":"(anonymous_12)","decl":{"start":{"line":427,"column":28},"end":{"line":427,"column":38}},"loc":{"start":{"line":427,"column":45},"end":{"line":430,"column":3}}},"13":{"name":"(anonymous_13)","decl":{"start":{"line":433,"column":28},"end":{"line":433,"column":38}},"loc":{"start":{"line":433,"column":45},"end":{"line":436,"column":3}}},"14":{"name":"(anonymous_14)","decl":{"start":{"line":439,"column":29},"end":{"line":439,"column":39}},"loc":{"start":{"line":439,"column":46},"end":{"line":442,"column":3}}},"15":{"name":"parse","decl":{"start":{"line":471,"column":16},"end":{"line":471,"column":21}},"loc":{"start":{"line":471,"column":43},"end":{"line":473,"column":1}}}},"branchMap":{"0":{"loc":{"start":{"line":23,"column":28},"end":{"line":23,"column":67}},"type":"binary-expr","locations":[{"start":{"line":23,"column":28},"end":{"line":23,"column":67}},{"start":{"line":23,"column":71},"end":{"line":23,"column":83}}]},"1":{"loc":{"start":{"line":25,"column":9},"end":{"line":25,"column":69}},"type":"binary-expr","locations":[{"start":{"line":25,"column":9},"end":{"line":25,"column":69}},{"start":{"line":25,"column":73},"end":{"line":25,"column":101}}]},"2":{"loc":{"start":{"line":32,"column":2},"end":{"line":39,"column":null}},"type":"if","locations":[{"start":{"line":32,"column":2},"end":{"line":39,"column":null}},{"start":{"line":32,"column":2},"end":{"line":39,"column":null}}]},"3":{"loc":{"start":{"line":42,"column":55},"end":{"line":42,"column":57}},"type":"default-arg","locations":[{"start":{"line":42,"column":55},"end":{"line":42,"column":57}}]},"4":{"loc":{"start":{"line":53,"column":2},"end":{"line":55,"column":null}},"type":"if","locations":[{"start":{"line":53,"column":2},"end":{"line":55,"column":null}},{"start":{"line":53,"column":2},"end":{"line":55,"column":null}}]},"5":{"loc":{"start":{"line":77,"column":6},"end":{"line":79,"column":null}},"type":"if","locations":[{"start":{"line":77,"column":6},"end":{"line":79,"column":null}},{"start":{"line":77,"column":6},"end":{"line":79,"column":null}}]},"6":{"loc":{"start":{"line":86,"column":6},"end":{"line":88,"column":null}},"type":"if","locations":[{"start":{"line":86,"column":6},"end":{"line":88,"column":null}},{"start":{"line":86,"column":6},"end":{"line":88,"column":null}}]},"7":{"loc":{"start":{"line":90,"column":6},"end":{"line":94,"column":null}},"type":"if","locations":[{"start":{"line":90,"column":6},"end":{"line":94,"column":null}},{"start":{"line":90,"column":6},"end":{"line":94,"column":null}}]},"8":{"loc":{"start":{"line":173,"column":4},"end":{"line":182,"column":null}},"type":"if","locations":[{"start":{"line":173,"column":4},"end":{"line":182,"column":null}},{"start":{"line":173,"column":4},"end":{"line":182,"column":null}}]},"9":{"loc":{"start":{"line":174,"column":6},"end":{"line":176,"column":null}},"type":"if","locations":[{"start":{"line":174,"column":6},"end":{"line":176,"column":null}},{"start":{"line":174,"column":6},"end":{"line":176,"column":null}}]},"10":{"loc":{"start":{"line":181,"column":19},"end":{"line":181,"column":21}},"type":"cond-expr","locations":[{"start":{"line":181,"column":19},"end":{"line":181,"column":21}},{"start":{"line":181,"column":19},"end":{"line":181,"column":35}}]},"11":{"loc":{"start":{"line":181,"column":6},"end":{"line":181,"column":21}},"type":"binary-expr","locations":[{"start":{"line":181,"column":6},"end":{"line":181,"column":21}},{"start":{"line":181,"column":19},"end":{"line":181,"column":21}}]},"12":{"loc":{"start":{"line":218,"column":4},"end":{"line":220,"column":null}},"type":"if","locations":[{"start":{"line":218,"column":4},"end":{"line":220,"column":null}},{"start":{"line":218,"column":4},"end":{"line":220,"column":null}}]},"13":{"loc":{"start":{"line":235,"column":33},"end":{"line":235,"column":52}},"type":"binary-expr","locations":[{"start":{"line":235,"column":33},"end":{"line":235,"column":52}},{"start":{"line":235,"column":56},"end":{"line":235,"column":57}}]},"14":{"loc":{"start":{"line":236,"column":49},"end":{"line":236,"column":68}},"type":"binary-expr","locations":[{"start":{"line":236,"column":49},"end":{"line":236,"column":68}},{"start":{"line":236,"column":72},"end":{"line":236,"column":73}}]},"15":{"loc":{"start":{"line":243,"column":6},"end":{"line":298,"column":null}},"type":"if","locations":[{"start":{"line":243,"column":6},"end":{"line":298,"column":null}},{"start":{"line":243,"column":6},"end":{"line":298,"column":null}}]},"16":{"loc":{"start":{"line":243,"column":33},"end":{"line":243,"column":35}},"type":"cond-expr","locations":[{"start":{"line":243,"column":33},"end":{"line":243,"column":35}},{"start":{"line":243,"column":33},"end":{"line":243,"column":53}}]},"17":{"loc":{"start":{"line":243,"column":10},"end":{"line":243,"column":35}},"type":"binary-expr","locations":[{"start":{"line":243,"column":10},"end":{"line":243,"column":35}},{"start":{"line":243,"column":33},"end":{"line":243,"column":35}}]},"18":{"loc":{"start":{"line":243,"column":24},"end":{"line":243,"column":26}},"type":"cond-expr","locations":[{"start":{"line":243,"column":24},"end":{"line":243,"column":26}},{"start":{"line":243,"column":10},"end":{"line":243,"column":33}}]},"19":{"loc":{"start":{"line":243,"column":10},"end":{"line":243,"column":26}},"type":"binary-expr","locations":[{"start":{"line":243,"column":10},"end":{"line":243,"column":26}},{"start":{"line":243,"column":10},"end":{"line":243,"column":26}}]},"20":{"loc":{"start":{"line":246,"column":8},"end":{"line":295,"column":null}},"type":"if","locations":[{"start":{"line":246,"column":8},"end":{"line":295,"column":null}},{"start":{"line":246,"column":8},"end":{"line":295,"column":null}}]},"21":{"loc":{"start":{"line":249,"column":10},"end":{"line":271,"column":null}},"type":"if","locations":[{"start":{"line":249,"column":10},"end":{"line":271,"column":null}},{"start":{"line":249,"column":10},"end":{"line":271,"column":null}}]},"22":{"loc":{"start":{"line":253,"column":14},"end":{"line":256,"column":null}},"type":"if","locations":[{"start":{"line":253,"column":14},"end":{"line":256,"column":null}},{"start":{"line":253,"column":14},"end":{"line":256,"column":null}}]},"23":{"loc":{"start":{"line":258,"column":14},"end":{"line":269,"column":null}},"type":"if","locations":[{"start":{"line":258,"column":14},"end":{"line":269,"column":null}},{"start":{"line":258,"column":14},"end":{"line":269,"column":null}}]},"24":{"loc":{"start":{"line":259,"column":16},"end":{"line":261,"column":null}},"type":"if","locations":[{"start":{"line":259,"column":16},"end":{"line":261,"column":null}},{"start":{"line":259,"column":16},"end":{"line":261,"column":null}}]},"25":{"loc":{"start":{"line":263,"column":16},"end":{"line":265,"column":null}},"type":"if","locations":[{"start":{"line":263,"column":16},"end":{"line":265,"column":null}},{"start":{"line":263,"column":16},"end":{"line":265,"column":null}}]},"26":{"loc":{"start":{"line":273,"column":10},"end":{"line":280,"column":null}},"type":"if","locations":[{"start":{"line":273,"column":10},"end":{"line":280,"column":null}},{"start":{"line":273,"column":10},"end":{"line":280,"column":null}}]},"27":{"loc":{"start":{"line":274,"column":12},"end":{"line":276,"column":null}},"type":"if","locations":[{"start":{"line":274,"column":12},"end":{"line":276,"column":null}},{"start":{"line":274,"column":12},"end":{"line":276,"column":null}}]},"28":{"loc":{"start":{"line":282,"column":10},"end":{"line":294,"column":null}},"type":"if","locations":[{"start":{"line":282,"column":10},"end":{"line":294,"column":null}},{"start":{"line":282,"column":10},"end":{"line":294,"column":null}}]},"29":{"loc":{"start":{"line":284,"column":14},"end":{"line":292,"column":null}},"type":"if","locations":[{"start":{"line":284,"column":14},"end":{"line":292,"column":null}},{"start":{"line":284,"column":14},"end":{"line":292,"column":null}}]},"30":{"loc":{"start":{"line":288,"column":18},"end":{"line":290,"column":null}},"type":"if","locations":[{"start":{"line":288,"column":18},"end":{"line":290,"column":null}},{"start":{"line":288,"column":18},"end":{"line":290,"column":null}}]},"31":{"loc":{"start":{"line":300,"column":41},"end":{"line":300,"column":59}},"type":"binary-expr","locations":[{"start":{"line":300,"column":41},"end":{"line":300,"column":59}},{"start":{"line":300,"column":63},"end":{"line":300,"column":67}}]},"32":{"loc":{"start":{"line":302,"column":51},"end":{"line":302,"column":53}},"type":"cond-expr","locations":[{"start":{"line":302,"column":51},"end":{"line":302,"column":53}},{"start":{"line":302,"column":56},"end":{"line":302,"column":87}}]},"33":{"loc":{"start":{"line":302,"column":57},"end":{"line":302,"column":75}},"type":"binary-expr","locations":[{"start":{"line":302,"column":57},"end":{"line":302,"column":75}},{"start":{"line":302,"column":79},"end":{"line":302,"column":83}}]},"34":{"loc":{"start":{"line":305,"column":12},"end":{"line":305,"column":14}},"type":"cond-expr","locations":[{"start":{"line":305,"column":12},"end":{"line":305,"column":14}},{"start":{"line":306,"column":12},"end":{"line":306,"column":117}}]},"35":{"loc":{"start":{"line":308,"column":6},"end":{"line":329,"column":null}},"type":"if","locations":[{"start":{"line":308,"column":6},"end":{"line":329,"column":null}},{"start":{"line":308,"column":6},"end":{"line":329,"column":null}}]},"36":{"loc":{"start":{"line":320,"column":8},"end":{"line":326,"column":null}},"type":"if","locations":[{"start":{"line":320,"column":8},"end":{"line":326,"column":null}},{"start":{"line":320,"column":8},"end":{"line":326,"column":null}}]},"37":{"loc":{"start":{"line":321,"column":10},"end":{"line":323,"column":null}},"type":"if","locations":[{"start":{"line":321,"column":10},"end":{"line":323,"column":null}},{"start":{"line":321,"column":10},"end":{"line":323,"column":null}}]},"38":{"loc":{"start":{"line":331,"column":6},"end":{"line":355,"column":null}},"type":"if","locations":[{"start":{"line":331,"column":6},"end":{"line":355,"column":null}},{"start":{"line":331,"column":6},"end":{"line":355,"column":null}}]},"39":{"loc":{"start":{"line":346,"column":8},"end":{"line":352,"column":null}},"type":"if","locations":[{"start":{"line":346,"column":8},"end":{"line":352,"column":null}},{"start":{"line":346,"column":8},"end":{"line":352,"column":null}}]},"40":{"loc":{"start":{"line":347,"column":10},"end":{"line":349,"column":null}},"type":"if","locations":[{"start":{"line":347,"column":10},"end":{"line":349,"column":null}},{"start":{"line":347,"column":10},"end":{"line":349,"column":null}}]},"41":{"loc":{"start":{"line":357,"column":6},"end":{"line":378,"column":null}},"type":"if","locations":[{"start":{"line":357,"column":6},"end":{"line":378,"column":null}},{"start":{"line":357,"column":6},"end":{"line":378,"column":null}}]},"42":{"loc":{"start":{"line":362,"column":88},"end":{"line":362,"column":107}},"type":"binary-expr","locations":[{"start":{"line":362,"column":88},"end":{"line":362,"column":107}},{"start":{"line":362,"column":111},"end":{"line":362,"column":112}}]},"43":{"loc":{"start":{"line":365,"column":34},"end":{"line":365,"column":53}},"type":"binary-expr","locations":[{"start":{"line":365,"column":34},"end":{"line":365,"column":53}},{"start":{"line":365,"column":57},"end":{"line":365,"column":58}}]},"44":{"loc":{"start":{"line":369,"column":8},"end":{"line":375,"column":null}},"type":"if","locations":[{"start":{"line":369,"column":8},"end":{"line":375,"column":null}},{"start":{"line":369,"column":8},"end":{"line":375,"column":null}}]},"45":{"loc":{"start":{"line":370,"column":10},"end":{"line":372,"column":null}},"type":"if","locations":[{"start":{"line":370,"column":10},"end":{"line":372,"column":null}},{"start":{"line":370,"column":10},"end":{"line":372,"column":null}}]},"46":{"loc":{"start":{"line":386,"column":51},"end":{"line":386,"column":70}},"type":"binary-expr","locations":[{"start":{"line":386,"column":51},"end":{"line":386,"column":70}},{"start":{"line":386,"column":74},"end":{"line":386,"column":75}}]},"47":{"loc":{"start":{"line":387,"column":40},"end":{"line":387,"column":59}},"type":"binary-expr","locations":[{"start":{"line":387,"column":40},"end":{"line":387,"column":59}},{"start":{"line":387,"column":63},"end":{"line":387,"column":64}}]},"48":{"loc":{"start":{"line":390,"column":33},"end":{"line":390,"column":52}},"type":"binary-expr","locations":[{"start":{"line":390,"column":33},"end":{"line":390,"column":52}},{"start":{"line":390,"column":56},"end":{"line":390,"column":57}}]},"49":{"loc":{"start":{"line":394,"column":6},"end":{"line":400,"column":null}},"type":"if","locations":[{"start":{"line":394,"column":6},"end":{"line":400,"column":null}},{"start":{"line":394,"column":6},"end":{"line":400,"column":null}}]},"50":{"loc":{"start":{"line":395,"column":8},"end":{"line":397,"column":null}},"type":"if","locations":[{"start":{"line":395,"column":8},"end":{"line":397,"column":null}},{"start":{"line":395,"column":8},"end":{"line":397,"column":null}}]},"51":{"loc":{"start":{"line":416,"column":33},"end":{"line":416,"column":52}},"type":"binary-expr","locations":[{"start":{"line":416,"column":33},"end":{"line":416,"column":52}},{"start":{"line":416,"column":56},"end":{"line":416,"column":57}}]},"52":{"loc":{"start":{"line":425,"column":39},"end":{"line":425,"column":58}},"type":"binary-expr","locations":[{"start":{"line":425,"column":39},"end":{"line":425,"column":58}},{"start":{"line":425,"column":62},"end":{"line":425,"column":64}}]}},"s":{"0":2,"1":2,"2":2,"3":2,"4":14,"5":14,"6":0,"7":0,"8":0,"9":0,"10":14,"11":14,"12":0,"13":14,"14":14,"15":14,"16":91,"17":91,"18":14,"19":14,"20":14,"21":0,"22":0,"23":816,"24":816,"25":10035,"26":762,"27":816,"28":816,"29":816,"30":0,"31":0,"32":0,"33":0,"34":0,"35":816,"36":14,"37":14,"38":14,"39":14,"40":54,"41":54,"42":54,"43":54,"44":54,"45":54,"46":14,"47":56,"48":56,"49":42,"50":3,"51":42,"52":14,"53":14,"54":56,"55":14,"56":54,"57":54,"58":54,"59":54,"60":54,"61":54,"62":41,"63":54,"64":54,"65":54,"66":14,"67":56,"68":56,"69":56,"70":56,"71":56,"72":56,"73":99,"74":0,"75":0,"76":0,"77":0,"78":0,"79":0,"80":0,"81":0,"82":0,"83":0,"84":0,"85":0,"86":0,"87":0,"88":0,"89":0,"90":0,"91":0,"92":0,"93":0,"94":0,"95":0,"96":0,"97":0,"98":0,"99":0,"100":0,"101":0,"102":99,"103":99,"104":99,"105":99,"106":86,"107":86,"108":74,"109":26,"110":74,"111":86,"112":99,"113":17,"114":17,"115":17,"116":13,"117":17,"118":17,"119":99,"120":4,"121":4,"122":4,"123":0,"124":4,"125":4,"126":0,"127":0,"128":0,"129":0,"130":0,"131":0,"132":0,"133":0,"134":0,"135":14,"136":14,"137":14,"138":14,"139":54,"140":54,"141":14,"142":14,"143":54,"144":54,"145":14,"146":14,"147":56,"148":56,"149":14,"150":14,"151":14,"152":14,"153":14,"154":14,"155":2,"156":0,"157":2},"f":{"0":14,"1":0,"2":14,"3":816,"4":54,"5":56,"6":54,"7":56,"8":56,"9":99,"10":0,"11":0,"12":54,"13":54,"14":56,"15":0},"b":{"0":[14,0],"1":[14,14],"2":[0,0],"3":[0],"4":[0,14],"5":[762,9273],"6":[0,0],"7":[0,0],"8":[42,14],"9":[3,39],"10":[0,14],"11":[14,14],"12":[41,13],"13":[56,0],"14":[56,0],"15":[0,99],"16":[12,87],"17":[99,99],"18":[12,87],"19":[99,99],"20":[0,0],"21":[0,0],"22":[0,0],"23":[0,0],"24":[0,0],"25":[0,0],"26":[0,0],"27":[0,0],"28":[0,0],"29":[0,0],"30":[0,0],"31":[99,13],"32":[82,17],"33":[17,13],"34":[82,17],"35":[86,13],"36":[74,12],"37":[26,48],"38":[17,82],"39":[17,0],"40":[13,4],"41":[4,95],"42":[4,0],"43":[4,0],"44":[4,0],"45":[0,4],"46":[0,0],"47":[0,0],"48":[0,0],"49":[0,0],"50":[0,0],"51":[0,0],"52":[14,14]}}
,"/Users/bbogdanov/Projects/clarity/packages/eslint-plugin-clarity-migration/src/index.ts": {"path":"/Users/bbogdanov/Projects/clarity/packages/eslint-plugin-clarity-migration/src/index.ts","statementMap":{"0":{"start":{"line":1,"column":0},"end":{"line":1,"column":48}},"1":{"start":{"line":2,"column":0},"end":{"line":2,"column":46}},"2":{"start":{"line":4,"column":0},"end":{"line":9,"column":2}}},"fnMap":{},"branchMap":{},"s":{"0":0,"1":0,"2":0},"f":{},"b":{}}
,"/Users/bbogdanov/Projects/clarity/packages/eslint-plugin-clarity-migration/src/rules/utils.ts": {"path":"/Users/bbogdanov/Projects/clarity/packages/eslint-plugin-clarity-migration/src/rules/utils.ts","statementMap":{"0":{"start":{"line":12,"column":2},"end":{"line":12,"column":34}},"1":{"start":{"line":16,"column":2},"end":{"line":16,"column":36}},"2":{"start":{"line":20,"column":2},"end":{"line":20,"column":40}},"3":{"start":{"line":24,"column":2},"end":{"line":24,"column":42}},"4":{"start":{"line":27,"column":13},"end":{"line":35,"column":2}},"5":{"start":{"line":28,"column":25},"end":{"line":28,"column":34}},"6":{"start":{"line":29,"column":2},"end":{"line":31,"column":null}},"7":{"start":{"line":30,"column":4},"end":{"line":30,"column":21}},"8":{"start":{"line":32,"column":14},"end":{"line":32,"column":37}},"9":{"start":{"line":34,"column":2},"end":{"line":34,"column":69}},"10":{"start":{"line":37,"column":13},"end":{"line":52,"column":2}},"11":{"start":{"line":38,"column":14},"end":{"line":38,"column":45}},"12":{"start":{"line":40,"column":2},"end":{"line":42,"column":null}},"13":{"start":{"line":41,"column":4},"end":{"line":41,"column":21}},"14":{"start":{"line":44,"column":21},"end":{"line":44,"column":63}},"15":{"start":{"line":45,"column":19},"end":{"line":45,"column":108}},"16":{"start":{"line":45,"column":43},"end":{"line":45,"column":107}},"17":{"start":{"line":47,"column":2},"end":{"line":49,"column":null}},"18":{"start":{"line":48,"column":4},"end":{"line":48,"column":21}},"19":{"start":{"line":51,"column":2},"end":{"line":51,"column":18}},"20":{"start":{"line":54,"column":13},"end":{"line":64,"column":2}},"21":{"start":{"line":58,"column":19},"end":{"line":58,"column":56}},"22":{"start":{"line":59,"column":2},"end":{"line":61,"column":null}},"23":{"start":{"line":60,"column":4},"end":{"line":60,"column":21}},"24":{"start":{"line":63,"column":2},"end":{"line":63,"column":31}},"25":{"start":{"line":70,"column":16},"end":{"line":73,"column":4}},"26":{"start":{"line":74,"column":14},"end":{"line":77,"column":4}},"27":{"start":{"line":79,"column":2},"end":{"line":79,"column":24}},"28":{"start":{"line":66,"column":0},"end":{"line":66,"column":16}},"29":{"start":{"line":90,"column":19},"end":{"line":90,"column":71}},"30":{"start":{"line":91,"column":2},"end":{"line":93,"column":null}},"31":{"start":{"line":92,"column":4},"end":{"line":92,"column":11}},"32":{"start":{"line":95,"column":30},"end":{"line":95,"column":48}},"33":{"start":{"line":96,"column":26},"end":{"line":96,"column":63}},"34":{"start":{"line":97,"column":2},"end":{"line":99,"column":null}},"35":{"start":{"line":98,"column":4},"end":{"line":98,"column":11}},"36":{"start":{"line":101,"column":2},"end":{"line":101,"column":50}},"37":{"start":{"line":82,"column":0},"end":{"line":82,"column":16}}},"fnMap":{"0":{"name":"isProperty","decl":{"start":{"line":11,"column":9},"end":{"line":11,"column":19}},"loc":{"start":{"line":11,"column":39},"end":{"line":13,"column":1}}},"1":{"name":"isIdentifier","decl":{"start":{"line":15,"column":9},"end":{"line":15,"column":21}},"loc":{"start":{"line":15,"column":41},"end":{"line":17,"column":1}}},"2":{"name":"isCallExpression","decl":{"start":{"line":19,"column":9},"end":{"line":19,"column":25}},"loc":{"start":{"line":19,"column":45},"end":{"line":21,"column":1}}},"3":{"name":"isObjectExpression","decl":{"start":{"line":23,"column":9},"end":{"line":23,"column":27}},"loc":{"start":{"line":23,"column":47},"end":{"line":25,"column":1}}},"4":{"name":"(anonymous_4)","decl":{"start":{"line":27,"column":36},"end":{"line":27,"column":37}},"loc":{"start":{"line":27,"column":109},"end":{"line":35,"column":1}}},"5":{"name":"(anonymous_5)","decl":{"start":{"line":37,"column":36},"end":{"line":37,"column":37}},"loc":{"start":{"line":37,"column":115},"end":{"line":52,"column":1}}},"6":{"name":"(anonymous_6)","decl":{"start":{"line":45,"column":35},"end":{"line":45,"column":39}},"loc":{"start":{"line":45,"column":43},"end":{"line":45,"column":107}}},"7":{"name":"(anonymous_7)","decl":{"start":{"line":54,"column":41},"end":{"line":54,"column":null}},"loc":{"start":{"line":57,"column":56},"end":{"line":64,"column":1}}},"8":{"name":"calculateLocation","decl":{"start":{"line":66,"column":16},"end":{"line":66,"column":33}},"loc":{"start":{"line":68,"column":37},"end":{"line":80,"column":1}}},"9":{"name":"getDecoratorTemplate","decl":{"start":{"line":82,"column":16},"end":{"line":82,"column":36}},"loc":{"start":{"line":83,"column":35},"end":{"line":102,"column":1}}}},"branchMap":{"0":{"loc":{"start":{"line":29,"column":2},"end":{"line":31,"column":null}},"type":"if","locations":[{"start":{"line":29,"column":2},"end":{"line":31,"column":null}},{"start":{"line":29,"column":2},"end":{"line":31,"column":null}}]},"1":{"loc":{"start":{"line":29,"column":6},"end":{"line":29,"column":35}},"type":"binary-expr","locations":[{"start":{"line":29,"column":6},"end":{"line":29,"column":35}},{"start":{"line":29,"column":39},"end":{"line":29,"column":60}},{"start":{"line":29,"column":64},"end":{"line":29,"column":97}}]},"2":{"loc":{"start":{"line":34,"column":53},"end":{"line":34,"column":56}},"type":"cond-expr","locations":[{"start":{"line":34,"column":53},"end":{"line":34,"column":56}},{"start":{"line":34,"column":59},"end":{"line":34,"column":68}}]},"3":{"loc":{"start":{"line":34,"column":9},"end":{"line":34,"column":32}},"type":"binary-expr","locations":[{"start":{"line":34,"column":9},"end":{"line":34,"column":32}},{"start":{"line":34,"column":36},"end":{"line":34,"column":50}}]},"4":{"loc":{"start":{"line":40,"column":2},"end":{"line":42,"column":null}},"type":"if","locations":[{"start":{"line":40,"column":2},"end":{"line":42,"column":null}},{"start":{"line":40,"column":2},"end":{"line":42,"column":null}}]},"5":{"loc":{"start":{"line":40,"column":6},"end":{"line":40,"column":10}},"type":"binary-expr","locations":[{"start":{"line":40,"column":6},"end":{"line":40,"column":10}},{"start":{"line":40,"column":14},"end":{"line":40,"column":38}}]},"6":{"loc":{"start":{"line":45,"column":46},"end":{"line":45,"column":54}},"type":"binary-expr","locations":[{"start":{"line":45,"column":46},"end":{"line":45,"column":54}},{"start":{"line":45,"column":58},"end":{"line":45,"column":80}},{"start":{"line":45,"column":84},"end":{"line":45,"column":106}}]},"7":{"loc":{"start":{"line":47,"column":2},"end":{"line":49,"column":null}},"type":"if","locations":[{"start":{"line":47,"column":2},"end":{"line":49,"column":null}},{"start":{"line":47,"column":2},"end":{"line":49,"column":null}}]},"8":{"loc":{"start":{"line":47,"column":6},"end":{"line":47,"column":15}},"type":"binary-expr","locations":[{"start":{"line":47,"column":6},"end":{"line":47,"column":15}},{"start":{"line":47,"column":19},"end":{"line":47,"column":40}}]},"9":{"loc":{"start":{"line":59,"column":2},"end":{"line":61,"column":null}},"type":"if","locations":[{"start":{"line":59,"column":2},"end":{"line":61,"column":null}},{"start":{"line":59,"column":2},"end":{"line":61,"column":null}}]},"10":{"loc":{"start":{"line":91,"column":2},"end":{"line":93,"column":null}},"type":"if","locations":[{"start":{"line":91,"column":2},"end":{"line":93,"column":null}},{"start":{"line":91,"column":2},"end":{"line":93,"column":null}}]},"11":{"loc":{"start":{"line":91,"column":14},"end":{"line":91,"column":16}},"type":"cond-expr","locations":[{"start":{"line":91,"column":14},"end":{"line":91,"column":16}},{"start":{"line":91,"column":6},"end":{"line":91,"column":20}}]},"12":{"loc":{"start":{"line":91,"column":6},"end":{"line":91,"column":16}},"type":"binary-expr","locations":[{"start":{"line":91,"column":6},"end":{"line":91,"column":16}},{"start":{"line":91,"column":6},"end":{"line":91,"column":16}}]},"13":{"loc":{"start":{"line":96,"column":26},"end":{"line":96,"column":57}},"type":"binary-expr","locations":[{"start":{"line":96,"column":26},"end":{"line":96,"column":57}},{"start":{"line":96,"column":61},"end":{"line":96,"column":63}}]},"14":{"loc":{"start":{"line":96,"column":52},"end":{"line":96,"column":54}},"type":"cond-expr","locations":[{"start":{"line":96,"column":52},"end":{"line":96,"column":54}},{"start":{"line":96,"column":52},"end":{"line":96,"column":57}}]},"15":{"loc":{"start":{"line":96,"column":26},"end":{"line":96,"column":54}},"type":"binary-expr","locations":[{"start":{"line":96,"column":26},"end":{"line":96,"column":54}},{"start":{"line":96,"column":52},"end":{"line":96,"column":54}}]},"16":{"loc":{"start":{"line":96,"column":45},"end":{"line":96,"column":47}},"type":"cond-expr","locations":[{"start":{"line":96,"column":45},"end":{"line":96,"column":47}},{"start":{"line":96,"column":26},"end":{"line":96,"column":52}}]},"17":{"loc":{"start":{"line":96,"column":26},"end":{"line":96,"column":47}},"type":"binary-expr","locations":[{"start":{"line":96,"column":26},"end":{"line":96,"column":47}},{"start":{"line":96,"column":26},"end":{"line":96,"column":47}}]},"18":{"loc":{"start":{"line":97,"column":2},"end":{"line":99,"column":null}},"type":"if","locations":[{"start":{"line":97,"column":2},"end":{"line":99,"column":null}},{"start":{"line":97,"column":2},"end":{"line":99,"column":null}}]}},"s":{"0":7,"1":12,"2":7,"3":14,"4":2,"5":7,"6":7,"7":0,"8":7,"9":7,"10":2,"11":7,"12":7,"13":0,"14":7,"15":7,"16":12,"17":7,"18":0,"19":7,"20":2,"21":7,"22":7,"23":0,"24":7,"25":7,"26":7,"27":7,"28":2,"29":7,"30":7,"31":0,"32":7,"33":7,"34":7,"35":0,"36":7,"37":2},"f":{"0":7,"1":12,"2":7,"3":14,"4":7,"5":7,"6":12,"7":7,"8":7,"9":7},"b":{"0":[0,7],"1":[7,7,7],"2":[7,0],"3":[7,7],"4":[0,7],"5":[7,7],"6":[12,12,12],"7":[0,7],"8":[7,7],"9":[0,7],"10":[0,7],"11":[0,7],"12":[7,7],"13":[7,0],"14":[0,7],"15":[7,7],"16":[0,7],"17":[7,7],"18":[0,7]}}
,"/Users/bbogdanov/Projects/clarity/packages/eslint-plugin-clarity-migration/src/rules/no-clr-alert/index.ts": {"path":"/Users/bbogdanov/Projects/clarity/packages/eslint-plugin-clarity-migration/src/rules/no-clr-alert/index.ts","statementMap":{"0":{"start":{"line":1,"column":0},"end":{"line":1,"column":78}},"1":{"start":{"line":2,"column":0},"end":{"line":2,"column":30}},"2":{"start":{"line":3,"column":0},"end":{"line":3,"column":87}},"3":{"start":{"line":6,"column":33},"end":{"line":6,"column":56}},"4":{"start":{"line":8,"column":13},"end":{"line":8,"column":66}},"5":{"start":{"line":8,"column":62},"end":{"line":8,"column":64}},"6":{"start":{"line":10,"column":0},"end":{"line":69,"column":3}},"7":{"start":{"line":27,"column":4},"end":{"line":67,"column":6}},"8":{"start":{"line":29,"column":8},"end":{"line":32,"column":11}},"9":{"start":{"line":35,"column":23},"end":{"line":35,"column":103}},"10":{"start":{"line":35,"column":61},"end":{"line":35,"column":102}},"11":{"start":{"line":36,"column":24},"end":{"line":36,"column":74}},"12":{"start":{"line":37,"column":8},"end":{"line":42,"column":null}},"13":{"start":{"line":38,"column":10},"end":{"line":41,"column":13}},"14":{"start":{"line":45,"column":31},"end":{"line":45,"column":57}},"15":{"start":{"line":46,"column":8},"end":{"line":48,"column":null}},"16":{"start":{"line":47,"column":10},"end":{"line":47,"column":17}},"17":{"start":{"line":50,"column":57},"end":{"line":50,"column":71}},"18":{"start":{"line":52,"column":20},"end":{"line":54,"column":10}},"19":{"start":{"line":55,"column":26},"end":{"line":55,"column":88}},"20":{"start":{"line":57,"column":8},"end":{"line":65,"column":null}},"21":{"start":{"line":58,"column":31},"end":{"line":58,"column":76}},"22":{"start":{"line":59,"column":22},"end":{"line":59,"column":74}},"23":{"start":{"line":60,"column":10},"end":{"line":64,"column":13}}},"fnMap":{"0":{"name":"(anonymous_0)","decl":{"start":{"line":8,"column":56},"end":{"line":8,"column":59}},"loc":{"start":{"line":8,"column":62},"end":{"line":8,"column":64}}},"1":{"name":"(anonymous_1)","decl":{"start":{"line":26,"column":2},"end":{"line":26,"column":8}},"loc":{"start":{"line":26,"column":16},"end":{"line":68,"column":3}}},"2":{"name":"(anonymous_2)","decl":{"start":{"line":28,"column":6},"end":{"line":28,"column":40}},"loc":{"start":{"line":28,"column":58},"end":{"line":33,"column":7}}},"3":{"name":"(anonymous_3)","decl":{"start":{"line":34,"column":6},"end":{"line":34,"column":34}},"loc":{"start":{"line":34,"column":52},"end":{"line":43,"column":7}}},"4":{"name":"(anonymous_4)","decl":{"start":{"line":35,"column":48},"end":{"line":35,"column":57}},"loc":{"start":{"line":35,"column":61},"end":{"line":35,"column":102}}},"5":{"name":"(anonymous_5)","decl":{"start":{"line":44,"column":6},"end":{"line":44,"column":36}},"loc":{"start":{"line":44,"column":61},"end":{"line":66,"column":7}}}},"branchMap":{"0":{"loc":{"start":{"line":35,"column":41},"end":{"line":35,"column":43}},"type":"cond-expr","locations":[{"start":{"line":35,"column":41},"end":{"line":35,"column":43}},{"start":{"line":35,"column":41},"end":{"line":35,"column":103}}]},"1":{"loc":{"start":{"line":35,"column":23},"end":{"line":35,"column":43}},"type":"binary-expr","locations":[{"start":{"line":35,"column":23},"end":{"line":35,"column":43}},{"start":{"line":35,"column":41},"end":{"line":35,"column":43}}]},"2":{"loc":{"start":{"line":36,"column":24},"end":{"line":36,"column":72}},"type":"binary-expr","locations":[{"start":{"line":36,"column":24},"end":{"line":36,"column":72}},{"start":{"line":36,"column":72},"end":{"line":36,"column":74}}]},"3":{"loc":{"start":{"line":36,"column":56},"end":{"line":36,"column":58}},"type":"cond-expr","locations":[{"start":{"line":36,"column":56},"end":{"line":36,"column":58}},{"start":{"line":36,"column":56},"end":{"line":36,"column":72}}]},"4":{"loc":{"start":{"line":36,"column":24},"end":{"line":36,"column":58}},"type":"binary-expr","locations":[{"start":{"line":36,"column":24},"end":{"line":36,"column":58}},{"start":{"line":36,"column":56},"end":{"line":36,"column":58}}]},"5":{"loc":{"start":{"line":36,"column":49},"end":{"line":36,"column":51}},"type":"cond-expr","locations":[{"start":{"line":36,"column":49},"end":{"line":36,"column":51}},{"start":{"line":36,"column":49},"end":{"line":36,"column":56}}]},"6":{"loc":{"start":{"line":36,"column":24},"end":{"line":36,"column":51}},"type":"binary-expr","locations":[{"start":{"line":36,"column":24},"end":{"line":36,"column":51}},{"start":{"line":36,"column":49},"end":{"line":36,"column":51}}]},"7":{"loc":{"start":{"line":36,"column":33},"end":{"line":36,"column":35}},"type":"cond-expr","locations":[{"start":{"line":36,"column":33},"end":{"line":36,"column":35}},{"start":{"line":36,"column":24},"end":{"line":36,"column":49}}]},"8":{"loc":{"start":{"line":36,"column":24},"end":{"line":36,"column":35}},"type":"binary-expr","locations":[{"start":{"line":36,"column":24},"end":{"line":36,"column":35}},{"start":{"line":36,"column":24},"end":{"line":36,"column":35}}]},"9":{"loc":{"start":{"line":37,"column":8},"end":{"line":42,"column":null}},"type":"if","locations":[{"start":{"line":37,"column":8},"end":{"line":42,"column":null}},{"start":{"line":37,"column":8},"end":{"line":42,"column":null}}]},"10":{"loc":{"start":{"line":46,"column":8},"end":{"line":48,"column":null}},"type":"if","locations":[{"start":{"line":46,"column":8},"end":{"line":48,"column":null}},{"start":{"line":46,"column":8},"end":{"line":48,"column":null}}]}},"s":{"0":1,"1":1,"2":1,"3":1,"4":1,"5":1,"6":1,"7":9,"8":3,"9":15,"10":15,"11":15,"12":15,"13":2,"14":3,"15":3,"16":0,"17":3,"18":3,"19":3,"20":3,"21":2,"22":2,"23":2},"f":{"0":1,"1":9,"2":3,"3":15,"4":15,"5":3},"b":{"0":[0,15],"1":[15,15],"2":[15,0],"3":[0,15],"4":[15,15],"5":[0,15],"6":[15,15],"7":[0,15],"8":[15,15],"9":[2,13],"10":[0,3]}}
,"/Users/bbogdanov/Projects/clarity/packages/eslint-plugin-clarity-migration/src/rules/no-clr-button/disallowed-classes.ts": {"path":"/Users/bbogdanov/Projects/clarity/packages/eslint-plugin-clarity-migration/src/rules/no-clr-button/disallowed-classes.ts","statementMap":{"0":{"start":{"line":1,"column":13},"end":{"line":1,"column":44}},"1":{"start":{"line":3,"column":13},"end":{"line":3,"column":103}},"2":{"start":{"line":5,"column":13},"end":{"line":7,"column":2}},"3":{"start":{"line":6,"column":9},"end":{"line":6,"column":50}}},"fnMap":{"0":{"name":"(anonymous_0)","decl":{"start":{"line":6,"column":2},"end":{"line":6,"column":5}},"loc":{"start":{"line":6,"column":9},"end":{"line":6,"column":50}}}},"branchMap":{},"s":{"0":1,"1":1,"2":1,"3":4},"f":{"0":4},"b":{}}
,"/Users/bbogdanov/Projects/clarity/packages/eslint-plugin-clarity-migration/src/rules/no-clr-button/index.ts": {"path":"/Users/bbogdanov/Projects/clarity/packages/eslint-plugin-clarity-migration/src/rules/no-clr-button/index.ts","statementMap":{"0":{"start":{"line":1,"column":0},"end":{"line":1,"column":78}},"1":{"start":{"line":2,"column":0},"end":{"line":2,"column":30}},"2":{"start":{"line":3,"column":0},"end":{"line":3,"column":87}},"3":{"start":{"line":5,"column":0},"end":{"line":5,"column":118}},"4":{"start":{"line":7,"column":13},"end":{"line":7,"column":66}},"5":{"start":{"line":7,"column":62},"end":{"line":7,"column":64}},"6":{"start":{"line":11,"column":2},"end":{"line":11,"column":116}},"7":{"start":{"line":11,"column":93},"end":{"line":11,"column":114}},"8":{"start":{"line":14,"column":0},"end":{"line":67,"column":3}},"9":{"start":{"line":31,"column":4},"end":{"line":65,"column":6}},"10":{"start":{"line":33,"column":23},"end":{"line":33,"column":103}},"11":{"start":{"line":33,"column":61},"end":{"line":33,"column":102}},"12":{"start":{"line":34,"column":24},"end":{"line":34,"column":74}},"13":{"start":{"line":35,"column":8},"end":{"line":40,"column":null}},"14":{"start":{"line":36,"column":10},"end":{"line":39,"column":13}},"15":{"start":{"line":43,"column":31},"end":{"line":43,"column":57}},"16":{"start":{"line":44,"column":8},"end":{"line":46,"column":null}},"17":{"start":{"line":45,"column":10},"end":{"line":45,"column":17}},"18":{"start":{"line":48,"column":57},"end":{"line":48,"column":71}},"19":{"start":{"line":50,"column":20},"end":{"line":52,"column":10}},"20":{"start":{"line":53,"column":27},"end":{"line":53,"column":90}},"21":{"start":{"line":55,"column":8},"end":{"line":63,"column":null}},"22":{"start":{"line":56,"column":31},"end":{"line":56,"column":77}},"23":{"start":{"line":57,"column":22},"end":{"line":57,"column":74}},"24":{"start":{"line":58,"column":10},"end":{"line":62,"column":13}}},"fnMap":{"0":{"name":"(anonymous_0)","decl":{"start":{"line":7,"column":56},"end":{"line":7,"column":59}},"loc":{"start":{"line":7,"column":62},"end":{"line":7,"column":64}}},"1":{"name":"hasDisallowedClasses","decl":{"start":{"line":10,"column":9},"end":{"line":10,"column":29}},"loc":{"start":{"line":10,"column":52},"end":{"line":12,"column":1}}},"2":{"name":"(anonymous_2)","decl":{"start":{"line":11,"column":86},"end":{"line":11,"column":89}},"loc":{"start":{"line":11,"column":93},"end":{"line":11,"column":114}}},"3":{"name":"(anonymous_3)","decl":{"start":{"line":30,"column":2},"end":{"line":30,"column":8}},"loc":{"start":{"line":30,"column":16},"end":{"line":66,"column":3}}},"4":{"name":"(anonymous_4)","decl":{"start":{"line":32,"column":6},"end":{"line":32,"column":37}},"loc":{"start":{"line":32,"column":55},"end":{"line":41,"column":7}}},"5":{"name":"(anonymous_5)","decl":{"start":{"line":33,"column":48},"end":{"line":33,"column":57}},"loc":{"start":{"line":33,"column":61},"end":{"line":33,"column":102}}},"6":{"name":"(anonymous_6)","decl":{"start":{"line":42,"column":6},"end":{"line":42,"column":36}},"loc":{"start":{"line":42,"column":61},"end":{"line":64,"column":7}}}},"branchMap":{"0":{"loc":{"start":{"line":11,"column":9},"end":{"line":11,"column":49}},"type":"binary-expr","locations":[{"start":{"line":11,"column":9},"end":{"line":11,"column":49}},{"start":{"line":11,"column":53},"end":{"line":11,"column":115}}]},"1":{"loc":{"start":{"line":33,"column":41},"end":{"line":33,"column":43}},"type":"cond-expr","locations":[{"start":{"line":33,"column":41},"end":{"line":33,"column":43}},{"start":{"line":33,"column":41},"end":{"line":33,"column":103}}]},"2":{"loc":{"start":{"line":33,"column":23},"end":{"line":33,"column":43}},"type":"binary-expr","locations":[{"start":{"line":33,"column":23},"end":{"line":33,"column":43}},{"start":{"line":33,"column":41},"end":{"line":33,"column":43}}]},"3":{"loc":{"start":{"line":34,"column":24},"end":{"line":34,"column":72}},"type":"binary-expr","locations":[{"start":{"line":34,"column":24},"end":{"line":34,"column":72}},{"start":{"line":34,"column":72},"end":{"line":34,"column":74}}]},"4":{"loc":{"start":{"line":34,"column":56},"end":{"line":34,"column":58}},"type":"cond-expr","locations":[{"start":{"line":34,"column":56},"end":{"line":34,"column":58}},{"start":{"line":34,"column":56},"end":{"line":34,"column":72}}]},"5":{"loc":{"start":{"line":34,"column":24},"end":{"line":34,"column":58}},"type":"binary-expr","locations":[{"start":{"line":34,"column":24},"end":{"line":34,"column":58}},{"start":{"line":34,"column":56},"end":{"line":34,"column":58}}]},"6":{"loc":{"start":{"line":34,"column":49},"end":{"line":34,"column":51}},"type":"cond-expr","locations":[{"start":{"line":34,"column":49},"end":{"line":34,"column":51}},{"start":{"line":34,"column":49},"end":{"line":34,"column":56}}]},"7":{"loc":{"start":{"line":34,"column":24},"end":{"line":34,"column":51}},"type":"binary-expr","locations":[{"start":{"line":34,"column":24},"end":{"line":34,"column":51}},{"start":{"line":34,"column":49},"end":{"line":34,"column":51}}]},"8":{"loc":{"start":{"line":34,"column":33},"end":{"line":34,"column":35}},"type":"cond-expr","locations":[{"start":{"line":34,"column":33},"end":{"line":34,"column":35}},{"start":{"line":34,"column":24},"end":{"line":34,"column":49}}]},"9":{"loc":{"start":{"line":34,"column":24},"end":{"line":34,"column":35}},"type":"binary-expr","locations":[{"start":{"line":34,"column":24},"end":{"line":34,"column":35}},{"start":{"line":34,"column":24},"end":{"line":34,"column":35}}]},"10":{"loc":{"start":{"line":35,"column":8},"end":{"line":40,"column":null}},"type":"if","locations":[{"start":{"line":35,"column":8},"end":{"line":40,"column":null}},{"start":{"line":35,"column":8},"end":{"line":40,"column":null}}]},"11":{"loc":{"start":{"line":44,"column":8},"end":{"line":46,"column":null}},"type":"if","locations":[{"start":{"line":44,"column":8},"end":{"line":46,"column":null}},{"start":{"line":44,"column":8},"end":{"line":46,"column":null}}]}},"s":{"0":1,"1":1,"2":1,"3":1,"4":1,"5":1,"6":8,"7":8,"8":1,"9":12,"10":8,"11":9,"12":8,"13":8,"14":7,"15":4,"16":4,"17":0,"18":4,"19":4,"20":4,"21":4,"22":5,"23":5,"24":5},"f":{"0":1,"1":8,"2":8,"3":12,"4":8,"5":9,"6":4},"b":{"0":[8,7],"1":[0,8],"2":[8,8],"3":[8,0],"4":[0,8],"5":[8,8],"6":[0,8],"7":[8,8],"8":[0,8],"9":[8,8],"10":[7,1],"11":[0,4]}}
,"/Users/bbogdanov/Projects/clarity/packages/eslint-plugin-clarity-migration/src/types/index.d.ts": {"path":"/Users/bbogdanov/Projects/clarity/packages/eslint-plugin-clarity-migration/src/types/index.d.ts","statementMap":{},"fnMap":{},"branchMap":{},"s":{},"f":{},"b":{},"inputSourceMap":null}
}
