{"/Users/mhippely/Projects/clarity/fork/packages/eslint-plugin-clarity-migration/src/html-parser.ts": {"path":"/Users/mhippely/Projects/clarity/fork/packages/eslint-plugin-clarity-migration/src/html-parser.ts","statementMap":{"0":{"start":{"line":4,"column":0},"end":{"line":4,"column":31}},"1":{"start":{"line":5,"column":0},"end":{"line":5,"column":51}},"2":{"start":{"line":6,"column":0},"end":{"line":6,"column":49}},"3":{"start":{"line":20,"column":26},"end":{"line":20,"column":33}},"4":{"start":{"line":23,"column":28},"end":{"line":23,"column":83}},"5":{"start":{"line":25,"column":2},"end":{"line":25,"column":102}},"6":{"start":{"line":30,"column":25},"end":{"line":30,"column":48}},"7":{"start":{"line":32,"column":2},"end":{"line":39,"column":null}},"8":{"start":{"line":33,"column":4},"end":{"line":33,"column":56}},"9":{"start":{"line":35,"column":4},"end":{"line":38,"column":6}},"10":{"start":{"line":43,"column":2},"end":{"line":51,"column":4}},"11":{"start":{"line":53,"column":2},"end":{"line":55,"column":null}},"12":{"start":{"line":54,"column":4},"end":{"line":54,"column":38}},"13":{"start":{"line":57,"column":42},"end":{"line":57,"column":46}},"14":{"start":{"line":58,"column":21},"end":{"line":58,"column":39}},"15":{"start":{"line":60,"column":2},"end":{"line":63,"column":null}},"16":{"start":{"line":61,"column":4},"end":{"line":61,"column":40}},"17":{"start":{"line":62,"column":4},"end":{"line":62,"column":56}},"18":{"start":{"line":65,"column":36},"end":{"line":65,"column":38}},"19":{"start":{"line":66,"column":2},"end":{"line":66,"column":36}},"20":{"start":{"line":68,"column":2},"end":{"line":71,"column":null}},"21":{"start":{"line":69,"column":4},"end":{"line":69,"column":34}},"22":{"start":{"line":70,"column":4},"end":{"line":70,"column":56}},"23":{"start":{"line":74,"column":21},"end":{"line":74,"column":22}},"24":{"start":{"line":76,"column":4},"end":{"line":80,"column":null}},"25":{"start":{"line":77,"column":6},"end":{"line":79,"column":null}},"26":{"start":{"line":78,"column":8},"end":{"line":78,"column":14}},"27":{"start":{"line":82,"column":25},"end":{"line":82,"column":69}},"28":{"start":{"line":83,"column":20},"end":{"line":83,"column":22}},"29":{"start":{"line":85,"column":4},"end":{"line":95,"column":null}},"30":{"start":{"line":86,"column":6},"end":{"line":88,"column":null}},"31":{"start":{"line":87,"column":8},"end":{"line":87,"column":17}},"32":{"start":{"line":90,"column":6},"end":{"line":94,"column":null}},"33":{"start":{"line":91,"column":8},"end":{"line":91,"column":20}},"34":{"start":{"line":93,"column":8},"end":{"line":93,"column":14}},"35":{"start":{"line":97,"column":4},"end":{"line":100,"column":6}},"36":{"start":{"line":103,"column":46},"end":{"line":113,"column":4}},"37":{"start":{"line":115,"column":47},"end":{"line":115,"column":49}},"38":{"start":{"line":116,"column":28},"end":{"line":130,"column":4}},"39":{"start":{"line":134,"column":48},"end":{"line":157,"column":3}},"40":{"start":{"line":136,"column":31},"end":{"line":136,"column":64}},"41":{"start":{"line":138,"column":4},"end":{"line":147,"column":6}},"42":{"start":{"line":149,"column":4},"end":{"line":149,"column":62}},"43":{"start":{"line":150,"column":4},"end":{"line":153,"column":6}},"44":{"start":{"line":154,"column":4},"end":{"line":154,"column":75}},"45":{"start":{"line":156,"column":4},"end":{"line":156,"column":49}},"46":{"start":{"line":159,"column":48},"end":{"line":185,"column":3}},"47":{"start":{"line":160,"column":33},"end":{"line":171,"column":6}},"48":{"start":{"line":173,"column":4},"end":{"line":182,"column":null}},"49":{"start":{"line":174,"column":6},"end":{"line":176,"column":null}},"50":{"start":{"line":175,"column":8},"end":{"line":175,"column":37}},"51":{"start":{"line":178,"column":6},"end":{"line":178,"column":44}},"52":{"start":{"line":180,"column":6},"end":{"line":180,"column":28}},"53":{"start":{"line":181,"column":6},"end":{"line":181,"column":35}},"54":{"start":{"line":184,"column":4},"end":{"line":184,"column":29}},"55":{"start":{"line":187,"column":47},"end":{"line":226,"column":3}},"56":{"start":{"line":188,"column":46},"end":{"line":200,"column":6}},"57":{"start":{"line":203,"column":18},"end":{"line":203,"column":37}},"58":{"start":{"line":204,"column":16},"end":{"line":204,"column":35}},"59":{"start":{"line":205,"column":4},"end":{"line":214,"column":6}},"60":{"start":{"line":216,"column":4},"end":{"line":216,"column":50}},"61":{"start":{"line":218,"column":4},"end":{"line":220,"column":null}},"62":{"start":{"line":219,"column":6},"end":{"line":219,"column":37}},"63":{"start":{"line":222,"column":4},"end":{"line":222,"column":63}},"64":{"start":{"line":224,"column":4},"end":{"line":224,"column":44}},"65":{"start":{"line":225,"column":4},"end":{"line":225,"column":41}},"66":{"start":{"line":228,"column":44},"end":{"line":422,"column":4}},"67":{"start":{"line":230,"column":6},"end":{"line":230,"column":73}},"68":{"start":{"line":231,"column":6},"end":{"line":231,"column":34}},"69":{"start":{"line":235,"column":6},"end":{"line":235,"column":63}},"70":{"start":{"line":236,"column":6},"end":{"line":236,"column":80}},"71":{"start":{"line":237,"column":6},"end":{"line":237,"column":117}},"72":{"start":{"line":239,"column":6},"end":{"line":239,"column":60}},"73":{"start":{"line":243,"column":6},"end":{"line":298,"column":null}},"74":{"start":{"line":244,"column":57},"end":{"line":244,"column":83}},"75":{"start":{"line":246,"column":8},"end":{"line":295,"column":null}},"76":{"start":{"line":247,"column":45},"end":{"line":247,"column":81}},"77":{"start":{"line":249,"column":10},"end":{"line":271,"column":null}},"78":{"start":{"line":250,"column":67},"end":{"line":250,"column":106}},"79":{"start":{"line":252,"column":12},"end":{"line":270,"column":null}},"80":{"start":{"line":253,"column":14},"end":{"line":256,"column":null}},"81":{"start":{"line":254,"column":16},"end":{"line":254,"column":56}},"82":{"start":{"line":255,"column":16},"end":{"line":255,"column":56}},"83":{"start":{"line":258,"column":14},"end":{"line":269,"column":null}},"84":{"start":{"line":259,"column":16},"end":{"line":261,"column":null}},"85":{"start":{"line":260,"column":18},"end":{"line":260,"column":64}},"86":{"start":{"line":263,"column":16},"end":{"line":265,"column":null}},"87":{"start":{"line":264,"column":18},"end":{"line":264,"column":62}},"88":{"start":{"line":267,"column":16},"end":{"line":267,"column":62}},"89":{"start":{"line":268,"column":16},"end":{"line":268,"column":60}},"90":{"start":{"line":273,"column":10},"end":{"line":280,"column":null}},"91":{"start":{"line":274,"column":12},"end":{"line":276,"column":null}},"92":{"start":{"line":275,"column":14},"end":{"line":275,"column":43}},"93":{"start":{"line":279,"column":12},"end":{"line":279,"column":92}},"94":{"start":{"line":282,"column":10},"end":{"line":294,"column":null}},"95":{"start":{"line":283,"column":12},"end":{"line":293,"column":null}},"96":{"start":{"line":284,"column":14},"end":{"line":292,"column":null}},"97":{"start":{"line":285,"column":16},"end":{"line":285,"column":84}},"98":{"start":{"line":287,"column":16},"end":{"line":291,"column":null}},"99":{"start":{"line":288,"column":18},"end":{"line":290,"column":null}},"100":{"start":{"line":289,"column":20},"end":{"line":289,"column":59}},"101":{"start":{"line":297,"column":8},"end":{"line":297,"column":15}},"102":{"start":{"line":300,"column":40},"end":{"line":300,"column":71}},"103":{"start":{"line":302,"column":8},"end":{"line":302,"column":87}},"104":{"start":{"line":304,"column":8},"end":{"line":306,"column":117}},"105":{"start":{"line":308,"column":6},"end":{"line":329,"column":null}},"106":{"start":{"line":309,"column":55},"end":{"line":318,"column":10}},"107":{"start":{"line":320,"column":8},"end":{"line":326,"column":null}},"108":{"start":{"line":321,"column":10},"end":{"line":323,"column":null}},"109":{"start":{"line":322,"column":12},"end":{"line":322,"column":41}},"110":{"start":{"line":325,"column":10},"end":{"line":325,"column":63}},"111":{"start":{"line":328,"column":8},"end":{"line":328,"column":44}},"112":{"start":{"line":331,"column":6},"end":{"line":355,"column":null}},"113":{"start":{"line":332,"column":35},"end":{"line":344,"column":10}},"114":{"start":{"line":346,"column":8},"end":{"line":352,"column":null}},"115":{"start":{"line":347,"column":10},"end":{"line":349,"column":null}},"116":{"start":{"line":348,"column":12},"end":{"line":348,"column":41}},"117":{"start":{"line":351,"column":10},"end":{"line":351,"column":49}},"118":{"start":{"line":354,"column":8},"end":{"line":354,"column":30}},"119":{"start":{"line":357,"column":6},"end":{"line":378,"column":null}},"120":{"start":{"line":358,"column":56},"end":{"line":367,"column":10}},"121":{"start":{"line":369,"column":8},"end":{"line":375,"column":null}},"122":{"start":{"line":370,"column":10},"end":{"line":372,"column":null}},"123":{"start":{"line":371,"column":12},"end":{"line":371,"column":41}},"124":{"start":{"line":374,"column":10},"end":{"line":374,"column":64}},"125":{"start":{"line":377,"column":8},"end":{"line":377,"column":45}},"126":{"start":{"line":382,"column":35},"end":{"line":392,"column":8}},"127":{"start":{"line":394,"column":6},"end":{"line":400,"column":null}},"128":{"start":{"line":395,"column":8},"end":{"line":397,"column":null}},"129":{"start":{"line":396,"column":10},"end":{"line":396,"column":39}},"130":{"start":{"line":399,"column":8},"end":{"line":399,"column":46}},"131":{"start":{"line":402,"column":6},"end":{"line":402,"column":27}},"132":{"start":{"line":406,"column":27},"end":{"line":406,"column":77}},"133":{"start":{"line":408,"column":63},"end":{"line":418,"column":8}},"134":{"start":{"line":420,"column":6},"end":{"line":420,"column":41}},"135":{"start":{"line":424,"column":21},"end":{"line":424,"column":45}},"136":{"start":{"line":425,"column":2},"end":{"line":425,"column":66}},"137":{"start":{"line":426,"column":31},"end":{"line":426,"column":54}},"138":{"start":{"line":427,"column":2},"end":{"line":430,"column":4}},"139":{"start":{"line":428,"column":4},"end":{"line":428,"column":43}},"140":{"start":{"line":429,"column":4},"end":{"line":429,"column":26}},"141":{"start":{"line":432,"column":31},"end":{"line":432,"column":54}},"142":{"start":{"line":433,"column":2},"end":{"line":436,"column":4}},"143":{"start":{"line":434,"column":4},"end":{"line":434,"column":43}},"144":{"start":{"line":435,"column":4},"end":{"line":435,"column":26}},"145":{"start":{"line":438,"column":32},"end":{"line":438,"column":56}},"146":{"start":{"line":439,"column":2},"end":{"line":442,"column":4}},"147":{"start":{"line":440,"column":4},"end":{"line":440,"column":44}},"148":{"start":{"line":441,"column":4},"end":{"line":441,"column":27}},"149":{"start":{"line":444,"column":2},"end":{"line":444,"column":33}},"150":{"start":{"line":446,"column":37},"end":{"line":454,"column":4}},"151":{"start":{"line":456,"column":37},"end":{"line":456,"column":57}},"152":{"start":{"line":459,"column":2},"end":{"line":459,"column":61}},"153":{"start":{"line":461,"column":40},"end":{"line":466,"column":4}},"154":{"start":{"line":468,"column":2},"end":{"line":468,"column":16}},"155":{"start":{"line":42,"column":0},"end":{"line":42,"column":16}},"156":{"start":{"line":472,"column":2},"end":{"line":472,"column":43}},"157":{"start":{"line":471,"column":0},"end":{"line":471,"column":16}}},"fnMap":{"0":{"name":"isHtmlFile","decl":{"start":{"line":22,"column":9},"end":{"line":22,"column":19}},"loc":{"start":{"line":22,"column":41},"end":{"line":26,"column":1}}},"1":{"name":"parseScript","decl":{"start":{"line":28,"column":9},"end":{"line":28,"column":20}},"loc":{"start":{"line":28,"column":42},"end":{"line":40,"column":1}}},"2":{"name":"parseForESLint","decl":{"start":{"line":42,"column":16},"end":{"line":42,"column":30}},"loc":{"start":{"line":42,"column":57},"end":{"line":469,"column":1}}},"3":{"name":"getLineAndColumn","decl":{"start":{"line":73,"column":11},"end":{"line":73,"column":27}},"loc":{"start":{"line":73,"column":41},"end":{"line":101,"column":3}}},"4":{"name":"(anonymous_4)","decl":{"start":{"line":134,"column":48},"end":{"line":134,"column":49}},"loc":{"start":{"line":134,"column":66},"end":{"line":157,"column":3}}},"5":{"name":"(anonymous_5)","decl":{"start":{"line":159,"column":48},"end":{"line":159,"column":49}},"loc":{"start":{"line":159,"column":65},"end":{"line":185,"column":3}}},"6":{"name":"(anonymous_6)","decl":{"start":{"line":187,"column":47},"end":{"line":187,"column":48}},"loc":{"start":{"line":187,"column":64},"end":{"line":226,"column":3}}},"7":{"name":"(anonymous_7)","decl":{"start":{"line":229,"column":15},"end":{"line":229,"column":18}},"loc":{"start":{"line":229,"column":20},"end":{"line":232,"column":5}}},"8":{"name":"(anonymous_8)","decl":{"start":{"line":234,"column":16},"end":{"line":234,"column":19}},"loc":{"start":{"line":234,"column":21},"end":{"line":240,"column":5}}},"9":{"name":"(anonymous_9)","decl":{"start":{"line":242,"column":12},"end":{"line":242,"column":13}},"loc":{"start":{"line":242,"column":29},"end":{"line":379,"column":5}}},"10":{"name":"(anonymous_10)","decl":{"start":{"line":381,"column":15},"end":{"line":381,"column":16}},"loc":{"start":{"line":381,"column":32},"end":{"line":403,"column":5}}},"11":{"name":"(anonymous_11)","decl":{"start":{"line":405,"column":29},"end":{"line":405,"column":30}},"loc":{"start":{"line":405,"column":66},"end":{"line":421,"column":5}}},"12":{"name":"(anonymous_12)","decl":{"start":{"line":427,"column":28},"end":{"line":427,"column":38}},"loc":{"start":{"line":427,"column":45},"end":{"line":430,"column":3}}},"13":{"name":"(anonymous_13)","decl":{"start":{"line":433,"column":28},"end":{"line":433,"column":38}},"loc":{"start":{"line":433,"column":45},"end":{"line":436,"column":3}}},"14":{"name":"(anonymous_14)","decl":{"start":{"line":439,"column":29},"end":{"line":439,"column":39}},"loc":{"start":{"line":439,"column":46},"end":{"line":442,"column":3}}},"15":{"name":"parse","decl":{"start":{"line":471,"column":16},"end":{"line":471,"column":21}},"loc":{"start":{"line":471,"column":43},"end":{"line":473,"column":1}}}},"branchMap":{"0":{"loc":{"start":{"line":23,"column":28},"end":{"line":23,"column":67}},"type":"binary-expr","locations":[{"start":{"line":23,"column":28},"end":{"line":23,"column":67}},{"start":{"line":23,"column":71},"end":{"line":23,"column":83}}]},"1":{"loc":{"start":{"line":25,"column":9},"end":{"line":25,"column":69}},"type":"binary-expr","locations":[{"start":{"line":25,"column":9},"end":{"line":25,"column":69}},{"start":{"line":25,"column":73},"end":{"line":25,"column":101}}]},"2":{"loc":{"start":{"line":32,"column":2},"end":{"line":39,"column":null}},"type":"if","locations":[{"start":{"line":32,"column":2},"end":{"line":39,"column":null}},{"start":{"line":32,"column":2},"end":{"line":39,"column":null}}]},"3":{"loc":{"start":{"line":42,"column":55},"end":{"line":42,"column":57}},"type":"default-arg","locations":[{"start":{"line":42,"column":55},"end":{"line":42,"column":57}}]},"4":{"loc":{"start":{"line":53,"column":2},"end":{"line":55,"column":null}},"type":"if","locations":[{"start":{"line":53,"column":2},"end":{"line":55,"column":null}},{"start":{"line":53,"column":2},"end":{"line":55,"column":null}}]},"5":{"loc":{"start":{"line":77,"column":6},"end":{"line":79,"column":null}},"type":"if","locations":[{"start":{"line":77,"column":6},"end":{"line":79,"column":null}},{"start":{"line":77,"column":6},"end":{"line":79,"column":null}}]},"6":{"loc":{"start":{"line":86,"column":6},"end":{"line":88,"column":null}},"type":"if","locations":[{"start":{"line":86,"column":6},"end":{"line":88,"column":null}},{"start":{"line":86,"column":6},"end":{"line":88,"column":null}}]},"7":{"loc":{"start":{"line":90,"column":6},"end":{"line":94,"column":null}},"type":"if","locations":[{"start":{"line":90,"column":6},"end":{"line":94,"column":null}},{"start":{"line":90,"column":6},"end":{"line":94,"column":null}}]},"8":{"loc":{"start":{"line":173,"column":4},"end":{"line":182,"column":null}},"type":"if","locations":[{"start":{"line":173,"column":4},"end":{"line":182,"column":null}},{"start":{"line":173,"column":4},"end":{"line":182,"column":null}}]},"9":{"loc":{"start":{"line":174,"column":6},"end":{"line":176,"column":null}},"type":"if","locations":[{"start":{"line":174,"column":6},"end":{"line":176,"column":null}},{"start":{"line":174,"column":6},"end":{"line":176,"column":null}}]},"10":{"loc":{"start":{"line":181,"column":19},"end":{"line":181,"column":21}},"type":"cond-expr","locations":[{"start":{"line":181,"column":19},"end":{"line":181,"column":21}},{"start":{"line":181,"column":19},"end":{"line":181,"column":35}}]},"11":{"loc":{"start":{"line":181,"column":6},"end":{"line":181,"column":21}},"type":"binary-expr","locations":[{"start":{"line":181,"column":6},"end":{"line":181,"column":21}},{"start":{"line":181,"column":19},"end":{"line":181,"column":21}}]},"12":{"loc":{"start":{"line":218,"column":4},"end":{"line":220,"column":null}},"type":"if","locations":[{"start":{"line":218,"column":4},"end":{"line":220,"column":null}},{"start":{"line":218,"column":4},"end":{"line":220,"column":null}}]},"13":{"loc":{"start":{"line":235,"column":33},"end":{"line":235,"column":52}},"type":"binary-expr","locations":[{"start":{"line":235,"column":33},"end":{"line":235,"column":52}},{"start":{"line":235,"column":56},"end":{"line":235,"column":57}}]},"14":{"loc":{"start":{"line":236,"column":49},"end":{"line":236,"column":68}},"type":"binary-expr","locations":[{"start":{"line":236,"column":49},"end":{"line":236,"column":68}},{"start":{"line":236,"column":72},"end":{"line":236,"column":73}}]},"15":{"loc":{"start":{"line":243,"column":6},"end":{"line":298,"column":null}},"type":"if","locations":[{"start":{"line":243,"column":6},"end":{"line":298,"column":null}},{"start":{"line":243,"column":6},"end":{"line":298,"column":null}}]},"16":{"loc":{"start":{"line":243,"column":33},"end":{"line":243,"column":35}},"type":"cond-expr","locations":[{"start":{"line":243,"column":33},"end":{"line":243,"column":35}},{"start":{"line":243,"column":33},"end":{"line":243,"column":53}}]},"17":{"loc":{"start":{"line":243,"column":10},"end":{"line":243,"column":35}},"type":"binary-expr","locations":[{"start":{"line":243,"column":10},"end":{"line":243,"column":35}},{"start":{"line":243,"column":33},"end":{"line":243,"column":35}}]},"18":{"loc":{"start":{"line":243,"column":24},"end":{"line":243,"column":26}},"type":"cond-expr","locations":[{"start":{"line":243,"column":24},"end":{"line":243,"column":26}},{"start":{"line":243,"column":10},"end":{"line":243,"column":33}}]},"19":{"loc":{"start":{"line":243,"column":10},"end":{"line":243,"column":26}},"type":"binary-expr","locations":[{"start":{"line":243,"column":10},"end":{"line":243,"column":26}},{"start":{"line":243,"column":10},"end":{"line":243,"column":26}}]},"20":{"loc":{"start":{"line":246,"column":8},"end":{"line":295,"column":null}},"type":"if","locations":[{"start":{"line":246,"column":8},"end":{"line":295,"column":null}},{"start":{"line":246,"column":8},"end":{"line":295,"column":null}}]},"21":{"loc":{"start":{"line":249,"column":10},"end":{"line":271,"column":null}},"type":"if","locations":[{"start":{"line":249,"column":10},"end":{"line":271,"column":null}},{"start":{"line":249,"column":10},"end":{"line":271,"column":null}}]},"22":{"loc":{"start":{"line":253,"column":14},"end":{"line":256,"column":null}},"type":"if","locations":[{"start":{"line":253,"column":14},"end":{"line":256,"column":null}},{"start":{"line":253,"column":14},"end":{"line":256,"column":null}}]},"23":{"loc":{"start":{"line":258,"column":14},"end":{"line":269,"column":null}},"type":"if","locations":[{"start":{"line":258,"column":14},"end":{"line":269,"column":null}},{"start":{"line":258,"column":14},"end":{"line":269,"column":null}}]},"24":{"loc":{"start":{"line":259,"column":16},"end":{"line":261,"column":null}},"type":"if","locations":[{"start":{"line":259,"column":16},"end":{"line":261,"column":null}},{"start":{"line":259,"column":16},"end":{"line":261,"column":null}}]},"25":{"loc":{"start":{"line":263,"column":16},"end":{"line":265,"column":null}},"type":"if","locations":[{"start":{"line":263,"column":16},"end":{"line":265,"column":null}},{"start":{"line":263,"column":16},"end":{"line":265,"column":null}}]},"26":{"loc":{"start":{"line":273,"column":10},"end":{"line":280,"column":null}},"type":"if","locations":[{"start":{"line":273,"column":10},"end":{"line":280,"column":null}},{"start":{"line":273,"column":10},"end":{"line":280,"column":null}}]},"27":{"loc":{"start":{"line":274,"column":12},"end":{"line":276,"column":null}},"type":"if","locations":[{"start":{"line":274,"column":12},"end":{"line":276,"column":null}},{"start":{"line":274,"column":12},"end":{"line":276,"column":null}}]},"28":{"loc":{"start":{"line":282,"column":10},"end":{"line":294,"column":null}},"type":"if","locations":[{"start":{"line":282,"column":10},"end":{"line":294,"column":null}},{"start":{"line":282,"column":10},"end":{"line":294,"column":null}}]},"29":{"loc":{"start":{"line":284,"column":14},"end":{"line":292,"column":null}},"type":"if","locations":[{"start":{"line":284,"column":14},"end":{"line":292,"column":null}},{"start":{"line":284,"column":14},"end":{"line":292,"column":null}}]},"30":{"loc":{"start":{"line":288,"column":18},"end":{"line":290,"column":null}},"type":"if","locations":[{"start":{"line":288,"column":18},"end":{"line":290,"column":null}},{"start":{"line":288,"column":18},"end":{"line":290,"column":null}}]},"31":{"loc":{"start":{"line":300,"column":41},"end":{"line":300,"column":59}},"type":"binary-expr","locations":[{"start":{"line":300,"column":41},"end":{"line":300,"column":59}},{"start":{"line":300,"column":63},"end":{"line":300,"column":67}}]},"32":{"loc":{"start":{"line":302,"column":51},"end":{"line":302,"column":53}},"type":"cond-expr","locations":[{"start":{"line":302,"column":51},"end":{"line":302,"column":53}},{"start":{"line":302,"column":56},"end":{"line":302,"column":87}}]},"33":{"loc":{"start":{"line":302,"column":57},"end":{"line":302,"column":75}},"type":"binary-expr","locations":[{"start":{"line":302,"column":57},"end":{"line":302,"column":75}},{"start":{"line":302,"column":79},"end":{"line":302,"column":83}}]},"34":{"loc":{"start":{"line":305,"column":12},"end":{"line":305,"column":14}},"type":"cond-expr","locations":[{"start":{"line":305,"column":12},"end":{"line":305,"column":14}},{"start":{"line":306,"column":12},"end":{"line":306,"column":117}}]},"35":{"loc":{"start":{"line":308,"column":6},"end":{"line":329,"column":null}},"type":"if","locations":[{"start":{"line":308,"column":6},"end":{"line":329,"column":null}},{"start":{"line":308,"column":6},"end":{"line":329,"column":null}}]},"36":{"loc":{"start":{"line":320,"column":8},"end":{"line":326,"column":null}},"type":"if","locations":[{"start":{"line":320,"column":8},"end":{"line":326,"column":null}},{"start":{"line":320,"column":8},"end":{"line":326,"column":null}}]},"37":{"loc":{"start":{"line":321,"column":10},"end":{"line":323,"column":null}},"type":"if","locations":[{"start":{"line":321,"column":10},"end":{"line":323,"column":null}},{"start":{"line":321,"column":10},"end":{"line":323,"column":null}}]},"38":{"loc":{"start":{"line":331,"column":6},"end":{"line":355,"column":null}},"type":"if","locations":[{"start":{"line":331,"column":6},"end":{"line":355,"column":null}},{"start":{"line":331,"column":6},"end":{"line":355,"column":null}}]},"39":{"loc":{"start":{"line":346,"column":8},"end":{"line":352,"column":null}},"type":"if","locations":[{"start":{"line":346,"column":8},"end":{"line":352,"column":null}},{"start":{"line":346,"column":8},"end":{"line":352,"column":null}}]},"40":{"loc":{"start":{"line":347,"column":10},"end":{"line":349,"column":null}},"type":"if","locations":[{"start":{"line":347,"column":10},"end":{"line":349,"column":null}},{"start":{"line":347,"column":10},"end":{"line":349,"column":null}}]},"41":{"loc":{"start":{"line":357,"column":6},"end":{"line":378,"column":null}},"type":"if","locations":[{"start":{"line":357,"column":6},"end":{"line":378,"column":null}},{"start":{"line":357,"column":6},"end":{"line":378,"column":null}}]},"42":{"loc":{"start":{"line":362,"column":88},"end":{"line":362,"column":107}},"type":"binary-expr","locations":[{"start":{"line":362,"column":88},"end":{"line":362,"column":107}},{"start":{"line":362,"column":111},"end":{"line":362,"column":112}}]},"43":{"loc":{"start":{"line":365,"column":34},"end":{"line":365,"column":53}},"type":"binary-expr","locations":[{"start":{"line":365,"column":34},"end":{"line":365,"column":53}},{"start":{"line":365,"column":57},"end":{"line":365,"column":58}}]},"44":{"loc":{"start":{"line":369,"column":8},"end":{"line":375,"column":null}},"type":"if","locations":[{"start":{"line":369,"column":8},"end":{"line":375,"column":null}},{"start":{"line":369,"column":8},"end":{"line":375,"column":null}}]},"45":{"loc":{"start":{"line":370,"column":10},"end":{"line":372,"column":null}},"type":"if","locations":[{"start":{"line":370,"column":10},"end":{"line":372,"column":null}},{"start":{"line":370,"column":10},"end":{"line":372,"column":null}}]},"46":{"loc":{"start":{"line":386,"column":51},"end":{"line":386,"column":70}},"type":"binary-expr","locations":[{"start":{"line":386,"column":51},"end":{"line":386,"column":70}},{"start":{"line":386,"column":74},"end":{"line":386,"column":75}}]},"47":{"loc":{"start":{"line":387,"column":40},"end":{"line":387,"column":59}},"type":"binary-expr","locations":[{"start":{"line":387,"column":40},"end":{"line":387,"column":59}},{"start":{"line":387,"column":63},"end":{"line":387,"column":64}}]},"48":{"loc":{"start":{"line":390,"column":33},"end":{"line":390,"column":52}},"type":"binary-expr","locations":[{"start":{"line":390,"column":33},"end":{"line":390,"column":52}},{"start":{"line":390,"column":56},"end":{"line":390,"column":57}}]},"49":{"loc":{"start":{"line":394,"column":6},"end":{"line":400,"column":null}},"type":"if","locations":[{"start":{"line":394,"column":6},"end":{"line":400,"column":null}},{"start":{"line":394,"column":6},"end":{"line":400,"column":null}}]},"50":{"loc":{"start":{"line":395,"column":8},"end":{"line":397,"column":null}},"type":"if","locations":[{"start":{"line":395,"column":8},"end":{"line":397,"column":null}},{"start":{"line":395,"column":8},"end":{"line":397,"column":null}}]},"51":{"loc":{"start":{"line":416,"column":33},"end":{"line":416,"column":52}},"type":"binary-expr","locations":[{"start":{"line":416,"column":33},"end":{"line":416,"column":52}},{"start":{"line":416,"column":56},"end":{"line":416,"column":57}}]},"52":{"loc":{"start":{"line":425,"column":39},"end":{"line":425,"column":58}},"type":"binary-expr","locations":[{"start":{"line":425,"column":39},"end":{"line":425,"column":58}},{"start":{"line":425,"column":62},"end":{"line":425,"column":64}}]}},"s":{"0":1,"1":1,"2":1,"3":1,"4":8,"5":8,"6":0,"7":0,"8":0,"9":0,"10":8,"11":8,"12":0,"13":8,"14":8,"15":8,"16":17,"17":17,"18":8,"19":8,"20":8,"21":0,"22":0,"23":173,"24":173,"25":578,"26":138,"27":173,"28":173,"29":173,"30":0,"31":0,"32":0,"33":0,"34":0,"35":173,"36":8,"37":8,"38":8,"39":8,"40":9,"41":9,"42":9,"43":9,"44":9,"45":9,"46":8,"47":16,"48":16,"49":8,"50":2,"51":8,"52":8,"53":8,"54":16,"55":8,"56":9,"57":9,"58":9,"59":9,"60":9,"61":9,"62":8,"63":9,"64":9,"65":9,"66":8,"67":16,"68":16,"69":16,"70":16,"71":16,"72":16,"73":23,"74":0,"75":0,"76":0,"77":0,"78":0,"79":0,"80":0,"81":0,"82":0,"83":0,"84":0,"85":0,"86":0,"87":0,"88":0,"89":0,"90":0,"91":0,"92":0,"93":0,"94":0,"95":0,"96":0,"97":0,"98":0,"99":0,"100":0,"101":0,"102":23,"103":23,"104":23,"105":23,"106":17,"107":17,"108":11,"109":1,"110":11,"111":17,"112":23,"113":6,"114":6,"115":6,"116":6,"117":6,"118":6,"119":23,"120":0,"121":0,"122":0,"123":0,"124":0,"125":0,"126":0,"127":0,"128":0,"129":0,"130":0,"131":0,"132":0,"133":0,"134":0,"135":8,"136":8,"137":8,"138":8,"139":9,"140":9,"141":8,"142":8,"143":9,"144":9,"145":8,"146":8,"147":16,"148":16,"149":8,"150":8,"151":8,"152":8,"153":8,"154":8,"155":1,"156":0,"157":1},"f":{"0":8,"1":0,"2":8,"3":173,"4":9,"5":16,"6":9,"7":16,"8":16,"9":23,"10":0,"11":0,"12":9,"13":9,"14":16,"15":0},"b":{"0":[8,0],"1":[8,8],"2":[0,0],"3":[0],"4":[0,8],"5":[138,440],"6":[0,0],"7":[0,0],"8":[8,8],"9":[2,6],"10":[0,8],"11":[8,8],"12":[8,1],"13":[16,0],"14":[16,0],"15":[0,23],"16":[6,17],"17":[23,23],"18":[6,17],"19":[23,23],"20":[0,0],"21":[0,0],"22":[0,0],"23":[0,0],"24":[0,0],"25":[0,0],"26":[0,0],"27":[0,0],"28":[0,0],"29":[0,0],"30":[0,0],"31":[23,6],"32":[17,6],"33":[6,6],"34":[17,6],"35":[17,6],"36":[11,6],"37":[1,10],"38":[6,17],"39":[6,0],"40":[6,0],"41":[0,23],"42":[0,0],"43":[0,0],"44":[0,0],"45":[0,0],"46":[0,0],"47":[0,0],"48":[0,0],"49":[0,0],"50":[0,0],"51":[0,0],"52":[8,8]}}
,"/Users/mhippely/Projects/clarity/fork/packages/eslint-plugin-clarity-migration/src/index.ts": {"path":"/Users/mhippely/Projects/clarity/fork/packages/eslint-plugin-clarity-migration/src/index.ts","statementMap":{"0":{"start":{"line":1,"column":0},"end":{"line":1,"column":48}},"1":{"start":{"line":3,"column":0},"end":{"line":7,"column":2}}},"fnMap":{},"branchMap":{},"s":{"0":0,"1":0},"f":{},"b":{}}
,"/Users/mhippely/Projects/clarity/fork/packages/eslint-plugin-clarity-migration/src/rules/utils.ts": {"path":"/Users/mhippely/Projects/clarity/fork/packages/eslint-plugin-clarity-migration/src/rules/utils.ts","statementMap":{"0":{"start":{"line":4,"column":2},"end":{"line":4,"column":34}},"1":{"start":{"line":8,"column":2},"end":{"line":8,"column":36}},"2":{"start":{"line":12,"column":2},"end":{"line":12,"column":40}},"3":{"start":{"line":16,"column":2},"end":{"line":16,"column":42}},"4":{"start":{"line":19,"column":13},"end":{"line":27,"column":2}},"5":{"start":{"line":20,"column":25},"end":{"line":20,"column":34}},"6":{"start":{"line":21,"column":2},"end":{"line":23,"column":null}},"7":{"start":{"line":22,"column":4},"end":{"line":22,"column":21}},"8":{"start":{"line":24,"column":14},"end":{"line":24,"column":37}},"9":{"start":{"line":26,"column":2},"end":{"line":26,"column":69}},"10":{"start":{"line":29,"column":13},"end":{"line":44,"column":2}},"11":{"start":{"line":30,"column":14},"end":{"line":30,"column":45}},"12":{"start":{"line":32,"column":2},"end":{"line":34,"column":null}},"13":{"start":{"line":33,"column":4},"end":{"line":33,"column":21}},"14":{"start":{"line":36,"column":21},"end":{"line":36,"column":63}},"15":{"start":{"line":37,"column":19},"end":{"line":37,"column":108}},"16":{"start":{"line":37,"column":43},"end":{"line":37,"column":107}},"17":{"start":{"line":39,"column":2},"end":{"line":41,"column":null}},"18":{"start":{"line":40,"column":4},"end":{"line":40,"column":21}},"19":{"start":{"line":43,"column":2},"end":{"line":43,"column":18}},"20":{"start":{"line":46,"column":13},"end":{"line":56,"column":2}},"21":{"start":{"line":50,"column":19},"end":{"line":50,"column":56}},"22":{"start":{"line":51,"column":2},"end":{"line":53,"column":null}},"23":{"start":{"line":52,"column":4},"end":{"line":52,"column":21}},"24":{"start":{"line":55,"column":2},"end":{"line":55,"column":31}}},"fnMap":{"0":{"name":"isProperty","decl":{"start":{"line":3,"column":9},"end":{"line":3,"column":19}},"loc":{"start":{"line":3,"column":39},"end":{"line":5,"column":1}}},"1":{"name":"isIdentifier","decl":{"start":{"line":7,"column":9},"end":{"line":7,"column":21}},"loc":{"start":{"line":7,"column":41},"end":{"line":9,"column":1}}},"2":{"name":"isCallExpression","decl":{"start":{"line":11,"column":9},"end":{"line":11,"column":25}},"loc":{"start":{"line":11,"column":45},"end":{"line":13,"column":1}}},"3":{"name":"isObjectExpression","decl":{"start":{"line":15,"column":9},"end":{"line":15,"column":27}},"loc":{"start":{"line":15,"column":47},"end":{"line":17,"column":1}}},"4":{"name":"(anonymous_4)","decl":{"start":{"line":19,"column":36},"end":{"line":19,"column":37}},"loc":{"start":{"line":19,"column":109},"end":{"line":27,"column":1}}},"5":{"name":"(anonymous_5)","decl":{"start":{"line":29,"column":36},"end":{"line":29,"column":37}},"loc":{"start":{"line":29,"column":115},"end":{"line":44,"column":1}}},"6":{"name":"(anonymous_6)","decl":{"start":{"line":37,"column":35},"end":{"line":37,"column":39}},"loc":{"start":{"line":37,"column":43},"end":{"line":37,"column":107}}},"7":{"name":"(anonymous_7)","decl":{"start":{"line":46,"column":41},"end":{"line":46,"column":null}},"loc":{"start":{"line":49,"column":56},"end":{"line":56,"column":1}}}},"branchMap":{"0":{"loc":{"start":{"line":21,"column":2},"end":{"line":23,"column":null}},"type":"if","locations":[{"start":{"line":21,"column":2},"end":{"line":23,"column":null}},{"start":{"line":21,"column":2},"end":{"line":23,"column":null}}]},"1":{"loc":{"start":{"line":21,"column":6},"end":{"line":21,"column":35}},"type":"binary-expr","locations":[{"start":{"line":21,"column":6},"end":{"line":21,"column":35}},{"start":{"line":21,"column":39},"end":{"line":21,"column":60}},{"start":{"line":21,"column":64},"end":{"line":21,"column":97}}]},"2":{"loc":{"start":{"line":26,"column":53},"end":{"line":26,"column":56}},"type":"cond-expr","locations":[{"start":{"line":26,"column":53},"end":{"line":26,"column":56}},{"start":{"line":26,"column":59},"end":{"line":26,"column":68}}]},"3":{"loc":{"start":{"line":26,"column":9},"end":{"line":26,"column":32}},"type":"binary-expr","locations":[{"start":{"line":26,"column":9},"end":{"line":26,"column":32}},{"start":{"line":26,"column":36},"end":{"line":26,"column":50}}]},"4":{"loc":{"start":{"line":32,"column":2},"end":{"line":34,"column":null}},"type":"if","locations":[{"start":{"line":32,"column":2},"end":{"line":34,"column":null}},{"start":{"line":32,"column":2},"end":{"line":34,"column":null}}]},"5":{"loc":{"start":{"line":32,"column":6},"end":{"line":32,"column":10}},"type":"binary-expr","locations":[{"start":{"line":32,"column":6},"end":{"line":32,"column":10}},{"start":{"line":32,"column":14},"end":{"line":32,"column":38}}]},"6":{"loc":{"start":{"line":37,"column":46},"end":{"line":37,"column":54}},"type":"binary-expr","locations":[{"start":{"line":37,"column":46},"end":{"line":37,"column":54}},{"start":{"line":37,"column":58},"end":{"line":37,"column":80}},{"start":{"line":37,"column":84},"end":{"line":37,"column":106}}]},"7":{"loc":{"start":{"line":39,"column":2},"end":{"line":41,"column":null}},"type":"if","locations":[{"start":{"line":39,"column":2},"end":{"line":41,"column":null}},{"start":{"line":39,"column":2},"end":{"line":41,"column":null}}]},"8":{"loc":{"start":{"line":39,"column":6},"end":{"line":39,"column":15}},"type":"binary-expr","locations":[{"start":{"line":39,"column":6},"end":{"line":39,"column":15}},{"start":{"line":39,"column":19},"end":{"line":39,"column":40}}]},"9":{"loc":{"start":{"line":51,"column":2},"end":{"line":53,"column":null}},"type":"if","locations":[{"start":{"line":51,"column":2},"end":{"line":53,"column":null}},{"start":{"line":51,"column":2},"end":{"line":53,"column":null}}]}},"s":{"0":4,"1":8,"2":4,"3":8,"4":1,"5":4,"6":4,"7":0,"8":4,"9":4,"10":1,"11":4,"12":4,"13":0,"14":4,"15":4,"16":8,"17":4,"18":0,"19":4,"20":1,"21":4,"22":4,"23":0,"24":4},"f":{"0":4,"1":8,"2":4,"3":8,"4":4,"5":4,"6":8,"7":4},"b":{"0":[0,4],"1":[4,4,4],"2":[4,0],"3":[4,4],"4":[0,4],"5":[4,4],"6":[8,8,8],"7":[0,4],"8":[4,4],"9":[0,4]}}
,"/Users/mhippely/Projects/clarity/fork/packages/eslint-plugin-clarity-migration/src/rules/no-clr-button/index.ts": {"path":"/Users/mhippely/Projects/clarity/fork/packages/eslint-plugin-clarity-migration/src/rules/no-clr-button/index.ts","statementMap":{"0":{"start":{"line":1,"column":0},"end":{"line":1,"column":78}},"1":{"start":{"line":2,"column":0},"end":{"line":2,"column":30}},"2":{"start":{"line":4,"column":0},"end":{"line":4,"column":53}},"3":{"start":{"line":7,"column":13},"end":{"line":7,"column":66}},"4":{"start":{"line":7,"column":62},"end":{"line":7,"column":64}},"5":{"start":{"line":12,"column":16},"end":{"line":15,"column":4}},"6":{"start":{"line":16,"column":14},"end":{"line":19,"column":4}},"7":{"start":{"line":21,"column":2},"end":{"line":21,"column":24}},"8":{"start":{"line":24,"column":0},"end":{"line":81,"column":3}},"9":{"start":{"line":41,"column":4},"end":{"line":79,"column":6}},"10":{"start":{"line":43,"column":23},"end":{"line":43,"column":103}},"11":{"start":{"line":43,"column":61},"end":{"line":43,"column":102}},"12":{"start":{"line":44,"column":21},"end":{"line":44,"column":68}},"13":{"start":{"line":45,"column":8},"end":{"line":50,"column":null}},"14":{"start":{"line":46,"column":10},"end":{"line":49,"column":13}},"15":{"start":{"line":53,"column":25},"end":{"line":53,"column":68}},"16":{"start":{"line":54,"column":8},"end":{"line":56,"column":null}},"17":{"start":{"line":55,"column":10},"end":{"line":55,"column":17}},"18":{"start":{"line":58,"column":36},"end":{"line":58,"column":54}},"19":{"start":{"line":59,"column":32},"end":{"line":59,"column":69}},"20":{"start":{"line":60,"column":8},"end":{"line":62,"column":null}},"21":{"start":{"line":61,"column":10},"end":{"line":61,"column":17}},"22":{"start":{"line":64,"column":20},"end":{"line":66,"column":10}},"23":{"start":{"line":67,"column":27},"end":{"line":67,"column":89}},"24":{"start":{"line":69,"column":8},"end":{"line":77,"column":null}},"25":{"start":{"line":70,"column":31},"end":{"line":70,"column":55}},"26":{"start":{"line":71,"column":22},"end":{"line":71,"column":74}},"27":{"start":{"line":72,"column":10},"end":{"line":76,"column":13}}},"fnMap":{"0":{"name":"(anonymous_0)","decl":{"start":{"line":7,"column":56},"end":{"line":7,"column":59}},"loc":{"start":{"line":7,"column":62},"end":{"line":7,"column":64}}},"1":{"name":"calculateLocation","decl":{"start":{"line":11,"column":9},"end":{"line":11,"column":26}},"loc":{"start":{"line":11,"column":89},"end":{"line":22,"column":1}}},"2":{"name":"(anonymous_2)","decl":{"start":{"line":40,"column":2},"end":{"line":40,"column":8}},"loc":{"start":{"line":40,"column":16},"end":{"line":80,"column":3}}},"3":{"name":"(anonymous_3)","decl":{"start":{"line":42,"column":6},"end":{"line":42,"column":37}},"loc":{"start":{"line":42,"column":55},"end":{"line":51,"column":7}}},"4":{"name":"(anonymous_4)","decl":{"start":{"line":43,"column":48},"end":{"line":43,"column":57}},"loc":{"start":{"line":43,"column":61},"end":{"line":43,"column":102}}},"5":{"name":"(anonymous_5)","decl":{"start":{"line":52,"column":6},"end":{"line":52,"column":36}},"loc":{"start":{"line":52,"column":61},"end":{"line":78,"column":7}}}},"branchMap":{"0":{"loc":{"start":{"line":43,"column":41},"end":{"line":43,"column":43}},"type":"cond-expr","locations":[{"start":{"line":43,"column":41},"end":{"line":43,"column":43}},{"start":{"line":43,"column":41},"end":{"line":43,"column":103}}]},"1":{"loc":{"start":{"line":43,"column":23},"end":{"line":43,"column":43}},"type":"binary-expr","locations":[{"start":{"line":43,"column":23},"end":{"line":43,"column":43}},{"start":{"line":43,"column":41},"end":{"line":43,"column":43}}]},"2":{"loc":{"start":{"line":44,"column":56},"end":{"line":44,"column":58}},"type":"cond-expr","locations":[{"start":{"line":44,"column":56},"end":{"line":44,"column":58}},{"start":{"line":44,"column":56},"end":{"line":44,"column":68}}]},"3":{"loc":{"start":{"line":44,"column":21},"end":{"line":44,"column":58}},"type":"binary-expr","locations":[{"start":{"line":44,"column":21},"end":{"line":44,"column":58}},{"start":{"line":44,"column":56},"end":{"line":44,"column":58}}]},"4":{"loc":{"start":{"line":44,"column":49},"end":{"line":44,"column":51}},"type":"cond-expr","locations":[{"start":{"line":44,"column":49},"end":{"line":44,"column":51}},{"start":{"line":44,"column":49},"end":{"line":44,"column":56}}]},"5":{"loc":{"start":{"line":44,"column":21},"end":{"line":44,"column":51}},"type":"binary-expr","locations":[{"start":{"line":44,"column":21},"end":{"line":44,"column":51}},{"start":{"line":44,"column":49},"end":{"line":44,"column":51}}]},"6":{"loc":{"start":{"line":44,"column":33},"end":{"line":44,"column":35}},"type":"cond-expr","locations":[{"start":{"line":44,"column":33},"end":{"line":44,"column":35}},{"start":{"line":44,"column":24},"end":{"line":44,"column":49}}]},"7":{"loc":{"start":{"line":44,"column":24},"end":{"line":44,"column":35}},"type":"binary-expr","locations":[{"start":{"line":44,"column":24},"end":{"line":44,"column":35}},{"start":{"line":44,"column":24},"end":{"line":44,"column":35}}]},"8":{"loc":{"start":{"line":45,"column":8},"end":{"line":50,"column":null}},"type":"if","locations":[{"start":{"line":45,"column":8},"end":{"line":50,"column":null}},{"start":{"line":45,"column":8},"end":{"line":50,"column":null}}]},"9":{"loc":{"start":{"line":45,"column":12},"end":{"line":45,"column":40}},"type":"binary-expr","locations":[{"start":{"line":45,"column":12},"end":{"line":45,"column":40}},{"start":{"line":45,"column":40},"end":{"line":45,"column":71}}]},"10":{"loc":{"start":{"line":45,"column":19},"end":{"line":45,"column":21}},"type":"cond-expr","locations":[{"start":{"line":45,"column":19},"end":{"line":45,"column":21}},{"start":{"line":45,"column":12},"end":{"line":45,"column":40}}]},"11":{"loc":{"start":{"line":45,"column":12},"end":{"line":45,"column":21}},"type":"binary-expr","locations":[{"start":{"line":45,"column":12},"end":{"line":45,"column":21}},{"start":{"line":45,"column":12},"end":{"line":45,"column":21}}]},"12":{"loc":{"start":{"line":54,"column":8},"end":{"line":56,"column":null}},"type":"if","locations":[{"start":{"line":54,"column":8},"end":{"line":56,"column":null}},{"start":{"line":54,"column":8},"end":{"line":56,"column":null}}]},"13":{"loc":{"start":{"line":54,"column":20},"end":{"line":54,"column":22}},"type":"cond-expr","locations":[{"start":{"line":54,"column":20},"end":{"line":54,"column":22}},{"start":{"line":54,"column":12},"end":{"line":54,"column":26}}]},"14":{"loc":{"start":{"line":54,"column":12},"end":{"line":54,"column":22}},"type":"binary-expr","locations":[{"start":{"line":54,"column":12},"end":{"line":54,"column":22}},{"start":{"line":54,"column":12},"end":{"line":54,"column":22}}]},"15":{"loc":{"start":{"line":59,"column":32},"end":{"line":59,"column":63}},"type":"binary-expr","locations":[{"start":{"line":59,"column":32},"end":{"line":59,"column":63}},{"start":{"line":59,"column":67},"end":{"line":59,"column":69}}]},"16":{"loc":{"start":{"line":59,"column":58},"end":{"line":59,"column":60}},"type":"cond-expr","locations":[{"start":{"line":59,"column":58},"end":{"line":59,"column":60}},{"start":{"line":59,"column":58},"end":{"line":59,"column":63}}]},"17":{"loc":{"start":{"line":59,"column":32},"end":{"line":59,"column":60}},"type":"binary-expr","locations":[{"start":{"line":59,"column":32},"end":{"line":59,"column":60}},{"start":{"line":59,"column":58},"end":{"line":59,"column":60}}]},"18":{"loc":{"start":{"line":59,"column":51},"end":{"line":59,"column":53}},"type":"cond-expr","locations":[{"start":{"line":59,"column":51},"end":{"line":59,"column":53}},{"start":{"line":59,"column":32},"end":{"line":59,"column":58}}]},"19":{"loc":{"start":{"line":59,"column":32},"end":{"line":59,"column":53}},"type":"binary-expr","locations":[{"start":{"line":59,"column":32},"end":{"line":59,"column":53}},{"start":{"line":59,"column":32},"end":{"line":59,"column":53}}]},"20":{"loc":{"start":{"line":60,"column":8},"end":{"line":62,"column":null}},"type":"if","locations":[{"start":{"line":60,"column":8},"end":{"line":62,"column":null}},{"start":{"line":60,"column":8},"end":{"line":62,"column":null}}]}},"s":{"0":1,"1":1,"2":1,"3":1,"4":1,"5":5,"6":5,"7":5,"8":1,"9":12,"10":8,"11":9,"12":8,"13":8,"14":7,"15":4,"16":4,"17":0,"18":4,"19":4,"20":4,"21":0,"22":4,"23":4,"24":4,"25":5,"26":5,"27":5},"f":{"0":1,"1":5,"2":12,"3":8,"4":9,"5":4},"b":{"0":[0,8],"1":[8,8],"2":[0,8],"3":[8,8],"4":[0,8],"5":[8,8],"6":[0,8],"7":[8,8],"8":[7,1],"9":[8,7],"10":[0,8],"11":[8,8],"12":[0,4],"13":[0,4],"14":[4,4],"15":[4,0],"16":[0,4],"17":[4,4],"18":[0,4],"19":[4,4],"20":[0,4]}}
,"/Users/mhippely/Projects/clarity/fork/packages/eslint-plugin-clarity-migration/src/types/index.d.ts": {"path":"/Users/mhippely/Projects/clarity/fork/packages/eslint-plugin-clarity-migration/src/types/index.d.ts","statementMap":{},"fnMap":{},"branchMap":{},"s":{},"f":{},"b":{},"inputSourceMap":null}
}
