TN:
SF:src/html-parser.ts
FN:22,isHtmlFile
FN:28,parseScript
FN:42,parseForESLint
FN:73,getLineAndColumn
FN:134,(anonymous_4)
FN:159,(anonymous_5)
FN:187,(anonymous_6)
FN:229,(anonymous_7)
FN:234,(anonymous_8)
FN:242,(anonymous_9)
FN:381,(anonymous_10)
FN:405,(anonymous_11)
FN:427,(anonymous_12)
FN:433,(anonymous_13)
FN:439,(anonymous_14)
FN:471,parse
FNF:16
FNH:12
FNDA:8,isHtmlFile
FNDA:0,parseScript
FNDA:8,parseForESLint
FNDA:173,getLineAndColumn
FNDA:9,(anonymous_4)
FNDA:16,(anonymous_5)
FNDA:9,(anonymous_6)
FNDA:16,(anonymous_7)
FNDA:16,(anonymous_8)
FNDA:23,(anonymous_9)
FNDA:0,(anonymous_10)
FNDA:0,(anonymous_11)
FNDA:9,(anonymous_12)
FNDA:9,(anonymous_13)
FNDA:16,(anonymous_14)
FNDA:0,parse
DA:4,1
DA:5,1
DA:6,1
DA:20,1
DA:23,8
DA:25,8
DA:30,0
DA:32,0
DA:33,0
DA:35,0
DA:42,1
DA:43,8
DA:53,8
DA:54,0
DA:57,8
DA:58,8
DA:60,8
DA:61,17
DA:62,17
DA:65,8
DA:66,8
DA:68,8
DA:69,0
DA:70,0
DA:74,173
DA:76,173
DA:77,578
DA:78,138
DA:82,173
DA:83,173
DA:85,173
DA:86,0
DA:87,0
DA:90,0
DA:91,0
DA:93,0
DA:97,173
DA:103,8
DA:115,8
DA:116,8
DA:134,8
DA:136,9
DA:138,9
DA:149,9
DA:150,9
DA:154,9
DA:156,9
DA:159,8
DA:160,16
DA:173,16
DA:174,8
DA:175,2
DA:178,8
DA:180,8
DA:181,8
DA:184,16
DA:187,8
DA:188,9
DA:203,9
DA:204,9
DA:205,9
DA:216,9
DA:218,9
DA:219,8
DA:222,9
DA:224,9
DA:225,9
DA:228,8
DA:230,16
DA:231,16
DA:235,16
DA:236,16
DA:237,16
DA:239,16
DA:243,23
DA:244,0
DA:246,0
DA:247,0
DA:249,0
DA:250,0
DA:252,0
DA:253,0
DA:254,0
DA:255,0
DA:258,0
DA:259,0
DA:260,0
DA:263,0
DA:264,0
DA:267,0
DA:268,0
DA:273,0
DA:274,0
DA:275,0
DA:279,0
DA:282,0
DA:283,0
DA:284,0
DA:285,0
DA:287,0
DA:288,0
DA:289,0
DA:297,0
DA:300,23
DA:302,23
DA:304,23
DA:308,23
DA:309,17
DA:320,17
DA:321,11
DA:322,1
DA:325,11
DA:328,17
DA:331,23
DA:332,6
DA:346,6
DA:347,6
DA:348,6
DA:351,6
DA:354,6
DA:357,23
DA:358,0
DA:369,0
DA:370,0
DA:371,0
DA:374,0
DA:377,0
DA:382,0
DA:394,0
DA:395,0
DA:396,0
DA:399,0
DA:402,0
DA:406,0
DA:408,0
DA:420,0
DA:424,8
DA:425,8
DA:426,8
DA:427,8
DA:428,9
DA:429,9
DA:432,8
DA:433,8
DA:434,9
DA:435,9
DA:438,8
DA:439,8
DA:440,16
DA:441,16
DA:444,8
DA:446,8
DA:456,8
DA:459,8
DA:461,8
DA:468,8
DA:471,1
DA:472,0
LF:158
LH:102
BRDA:23,0,0,8
BRDA:23,0,1,0
BRDA:25,1,0,8
BRDA:25,1,1,8
BRDA:32,2,0,0
BRDA:32,2,1,0
BRDA:42,3,0,0
BRDA:53,4,0,0
BRDA:53,4,1,8
BRDA:77,5,0,138
BRDA:77,5,1,440
BRDA:86,6,0,0
BRDA:86,6,1,0
BRDA:90,7,0,0
BRDA:90,7,1,0
BRDA:173,8,0,8
BRDA:173,8,1,8
BRDA:174,9,0,2
BRDA:174,9,1,6
BRDA:181,10,0,0
BRDA:181,10,1,8
BRDA:181,11,0,8
BRDA:181,11,1,8
BRDA:218,12,0,8
BRDA:218,12,1,1
BRDA:235,13,0,16
BRDA:235,13,1,0
BRDA:236,14,0,16
BRDA:236,14,1,0
BRDA:243,15,0,0
BRDA:243,15,1,23
BRDA:243,16,0,6
BRDA:243,16,1,17
BRDA:243,17,0,23
BRDA:243,17,1,23
BRDA:243,18,0,6
BRDA:243,18,1,17
BRDA:243,19,0,23
BRDA:243,19,1,23
BRDA:246,20,0,0
BRDA:246,20,1,0
BRDA:249,21,0,0
BRDA:249,21,1,0
BRDA:253,22,0,0
BRDA:253,22,1,0
BRDA:258,23,0,0
BRDA:258,23,1,0
BRDA:259,24,0,0
BRDA:259,24,1,0
BRDA:263,25,0,0
BRDA:263,25,1,0
BRDA:273,26,0,0
BRDA:273,26,1,0
BRDA:274,27,0,0
BRDA:274,27,1,0
BRDA:282,28,0,0
BRDA:282,28,1,0
BRDA:284,29,0,0
BRDA:284,29,1,0
BRDA:288,30,0,0
BRDA:288,30,1,0
BRDA:300,31,0,23
BRDA:300,31,1,6
BRDA:302,32,0,17
BRDA:302,32,1,6
BRDA:302,33,0,6
BRDA:302,33,1,6
BRDA:305,34,0,17
BRDA:305,34,1,6
BRDA:308,35,0,17
BRDA:308,35,1,6
BRDA:320,36,0,11
BRDA:320,36,1,6
BRDA:321,37,0,1
BRDA:321,37,1,10
BRDA:331,38,0,6
BRDA:331,38,1,17
BRDA:346,39,0,6
BRDA:346,39,1,0
BRDA:347,40,0,6
BRDA:347,40,1,0
BRDA:357,41,0,0
BRDA:357,41,1,23
BRDA:362,42,0,0
BRDA:362,42,1,0
BRDA:365,43,0,0
BRDA:365,43,1,0
BRDA:369,44,0,0
BRDA:369,44,1,0
BRDA:370,45,0,0
BRDA:370,45,1,0
BRDA:386,46,0,0
BRDA:386,46,1,0
BRDA:387,47,0,0
BRDA:387,47,1,0
BRDA:390,48,0,0
BRDA:390,48,1,0
BRDA:394,49,0,0
BRDA:394,49,1,0
BRDA:395,50,0,0
BRDA:395,50,1,0
BRDA:416,51,0,0
BRDA:416,51,1,0
BRDA:425,52,0,8
BRDA:425,52,1,8
BRF:105
BRH:47
end_of_record
TN:
SF:src/index.ts
FNF:0
FNH:0
DA:1,0
DA:3,0
LF:2
LH:0
BRF:0
BRH:0
end_of_record
TN:
SF:src/rules/utils.ts
FN:3,isProperty
FN:7,isIdentifier
FN:11,isCallExpression
FN:15,isObjectExpression
FN:19,(anonymous_4)
FN:29,(anonymous_5)
FN:37,(anonymous_6)
FN:46,(anonymous_7)
FNF:8
FNH:8
FNDA:4,isProperty
FNDA:8,isIdentifier
FNDA:4,isCallExpression
FNDA:8,isObjectExpression
FNDA:4,(anonymous_4)
FNDA:4,(anonymous_5)
FNDA:8,(anonymous_6)
FNDA:4,(anonymous_7)
DA:4,4
DA:8,8
DA:12,4
DA:16,8
DA:19,1
DA:20,4
DA:21,4
DA:22,0
DA:24,4
DA:26,4
DA:29,1
DA:30,4
DA:32,4
DA:33,0
DA:36,4
DA:37,8
DA:39,4
DA:40,0
DA:43,4
DA:46,1
DA:50,4
DA:51,4
DA:52,0
DA:55,4
LF:24
LH:20
BRDA:21,0,0,0
BRDA:21,0,1,4
BRDA:21,1,0,4
BRDA:21,1,1,4
BRDA:21,1,2,4
BRDA:26,2,0,4
BRDA:26,2,1,0
BRDA:26,3,0,4
BRDA:26,3,1,4
BRDA:32,4,0,0
BRDA:32,4,1,4
BRDA:32,5,0,4
BRDA:32,5,1,4
BRDA:37,6,0,8
BRDA:37,6,1,8
BRDA:37,6,2,8
BRDA:39,7,0,0
BRDA:39,7,1,4
BRDA:39,8,0,4
BRDA:39,8,1,4
BRDA:51,9,0,0
BRDA:51,9,1,4
BRF:22
BRH:17
end_of_record
TN:
SF:src/rules/no-clr-button/index.ts
FN:7,(anonymous_0)
FN:11,calculateLocation
FN:40,(anonymous_2)
FN:42,(anonymous_3)
FN:43,(anonymous_4)
FN:52,(anonymous_5)
FNF:6
FNH:6
FNDA:1,(anonymous_0)
FNDA:5,calculateLocation
FNDA:12,(anonymous_2)
FNDA:8,(anonymous_3)
FNDA:9,(anonymous_4)
FNDA:4,(anonymous_5)
DA:1,1
DA:2,1
DA:4,1
DA:7,1
DA:12,5
DA:16,5
DA:21,5
DA:24,1
DA:41,12
DA:43,9
DA:44,8
DA:45,8
DA:46,7
DA:53,4
DA:54,4
DA:55,0
DA:58,4
DA:59,4
DA:60,4
DA:61,0
DA:64,4
DA:67,4
DA:69,4
DA:70,5
DA:71,5
DA:72,5
LF:26
LH:24
BRDA:43,0,0,0
BRDA:43,0,1,8
BRDA:43,1,0,8
BRDA:43,1,1,8
BRDA:44,2,0,0
BRDA:44,2,1,8
BRDA:44,3,0,8
BRDA:44,3,1,8
BRDA:44,4,0,0
BRDA:44,4,1,8
BRDA:44,5,0,8
BRDA:44,5,1,8
BRDA:44,6,0,0
BRDA:44,6,1,8
BRDA:44,7,0,8
BRDA:44,7,1,8
BRDA:45,8,0,7
BRDA:45,8,1,1
BRDA:45,9,0,8
BRDA:45,9,1,7
BRDA:45,10,0,0
BRDA:45,10,1,8
BRDA:45,11,0,8
BRDA:45,11,1,8
BRDA:54,12,0,0
BRDA:54,12,1,4
BRDA:54,13,0,0
BRDA:54,13,1,4
BRDA:54,14,0,4
BRDA:54,14,1,4
BRDA:59,15,0,4
BRDA:59,15,1,0
BRDA:59,16,0,0
BRDA:59,16,1,4
BRDA:59,17,0,4
BRDA:59,17,1,4
BRDA:59,18,0,0
BRDA:59,18,1,4
BRDA:59,19,0,4
BRDA:59,19,1,4
BRDA:60,20,0,0
BRDA:60,20,1,4
BRF:42
BRH:31
end_of_record
TN:
SF:src/types/index.d.ts
FNF:0
FNH:0
LF:0
LH:0
BRF:0
BRH:0
end_of_record
