TN:
SF:src/html-parser.ts
FN:22,isHtmlFile
FN:28,parseScript
FN:42,parseForESLint
FN:73,getLineAndColumn
FN:134,(anonymous_4)
FN:159,(anonymous_5)
FN:187,(anonymous_6)
FN:229,(anonymous_7)
FN:234,(anonymous_8)
FN:242,(anonymous_9)
FN:381,(anonymous_10)
FN:405,(anonymous_11)
FN:427,(anonymous_12)
FN:433,(anonymous_13)
FN:439,(anonymous_14)
FN:471,parse
FNF:16
FNH:12
FNDA:14,isHtmlFile
FNDA:0,parseScript
FNDA:14,parseForESLint
FNDA:816,getLineAndColumn
FNDA:54,(anonymous_4)
FNDA:56,(anonymous_5)
FNDA:54,(anonymous_6)
FNDA:56,(anonymous_7)
FNDA:56,(anonymous_8)
FNDA:99,(anonymous_9)
FNDA:0,(anonymous_10)
FNDA:0,(anonymous_11)
FNDA:54,(anonymous_12)
FNDA:54,(anonymous_13)
FNDA:56,(anonymous_14)
FNDA:0,parse
DA:4,2
DA:5,2
DA:6,2
DA:20,2
DA:23,14
DA:25,14
DA:30,0
DA:32,0
DA:33,0
DA:35,0
DA:42,2
DA:43,14
DA:53,14
DA:54,0
DA:57,14
DA:58,14
DA:60,14
DA:61,91
DA:62,91
DA:65,14
DA:66,14
DA:68,14
DA:69,0
DA:70,0
DA:74,816
DA:76,816
DA:77,10035
DA:78,762
DA:82,816
DA:83,816
DA:85,816
DA:86,0
DA:87,0
DA:90,0
DA:91,0
DA:93,0
DA:97,816
DA:103,14
DA:115,14
DA:116,14
DA:134,14
DA:136,54
DA:138,54
DA:149,54
DA:150,54
DA:154,54
DA:156,54
DA:159,14
DA:160,56
DA:173,56
DA:174,42
DA:175,3
DA:178,42
DA:180,14
DA:181,14
DA:184,56
DA:187,14
DA:188,54
DA:203,54
DA:204,54
DA:205,54
DA:216,54
DA:218,54
DA:219,41
DA:222,54
DA:224,54
DA:225,54
DA:228,14
DA:230,56
DA:231,56
DA:235,56
DA:236,56
DA:237,56
DA:239,56
DA:243,99
DA:244,0
DA:246,0
DA:247,0
DA:249,0
DA:250,0
DA:252,0
DA:253,0
DA:254,0
DA:255,0
DA:258,0
DA:259,0
DA:260,0
DA:263,0
DA:264,0
DA:267,0
DA:268,0
DA:273,0
DA:274,0
DA:275,0
DA:279,0
DA:282,0
DA:283,0
DA:284,0
DA:285,0
DA:287,0
DA:288,0
DA:289,0
DA:297,0
DA:300,99
DA:302,99
DA:304,99
DA:308,99
DA:309,86
DA:320,86
DA:321,74
DA:322,26
DA:325,74
DA:328,86
DA:331,99
DA:332,17
DA:346,17
DA:347,17
DA:348,13
DA:351,17
DA:354,17
DA:357,99
DA:358,4
DA:369,4
DA:370,4
DA:371,0
DA:374,4
DA:377,4
DA:382,0
DA:394,0
DA:395,0
DA:396,0
DA:399,0
DA:402,0
DA:406,0
DA:408,0
DA:420,0
DA:424,14
DA:425,14
DA:426,14
DA:427,14
DA:428,54
DA:429,54
DA:432,14
DA:433,14
DA:434,54
DA:435,54
DA:438,14
DA:439,14
DA:440,56
DA:441,56
DA:444,14
DA:446,14
DA:456,14
DA:459,14
DA:461,14
DA:468,14
DA:471,2
DA:472,0
LF:158
LH:107
BRDA:23,0,0,14
BRDA:23,0,1,0
BRDA:25,1,0,14
BRDA:25,1,1,14
BRDA:32,2,0,0
BRDA:32,2,1,0
BRDA:42,3,0,0
BRDA:53,4,0,0
BRDA:53,4,1,14
BRDA:77,5,0,762
BRDA:77,5,1,9273
BRDA:86,6,0,0
BRDA:86,6,1,0
BRDA:90,7,0,0
BRDA:90,7,1,0
BRDA:173,8,0,42
BRDA:173,8,1,14
BRDA:174,9,0,3
BRDA:174,9,1,39
BRDA:181,10,0,0
BRDA:181,10,1,14
BRDA:181,11,0,14
BRDA:181,11,1,14
BRDA:218,12,0,41
BRDA:218,12,1,13
BRDA:235,13,0,56
BRDA:235,13,1,0
BRDA:236,14,0,56
BRDA:236,14,1,0
BRDA:243,15,0,0
BRDA:243,15,1,99
BRDA:243,16,0,12
BRDA:243,16,1,87
BRDA:243,17,0,99
BRDA:243,17,1,99
BRDA:243,18,0,12
BRDA:243,18,1,87
BRDA:243,19,0,99
BRDA:243,19,1,99
BRDA:246,20,0,0
BRDA:246,20,1,0
BRDA:249,21,0,0
BRDA:249,21,1,0
BRDA:253,22,0,0
BRDA:253,22,1,0
BRDA:258,23,0,0
BRDA:258,23,1,0
BRDA:259,24,0,0
BRDA:259,24,1,0
BRDA:263,25,0,0
BRDA:263,25,1,0
BRDA:273,26,0,0
BRDA:273,26,1,0
BRDA:274,27,0,0
BRDA:274,27,1,0
BRDA:282,28,0,0
BRDA:282,28,1,0
BRDA:284,29,0,0
BRDA:284,29,1,0
BRDA:288,30,0,0
BRDA:288,30,1,0
BRDA:300,31,0,99
BRDA:300,31,1,13
BRDA:302,32,0,82
BRDA:302,32,1,17
BRDA:302,33,0,17
BRDA:302,33,1,13
BRDA:305,34,0,82
BRDA:305,34,1,17
BRDA:308,35,0,86
BRDA:308,35,1,13
BRDA:320,36,0,74
BRDA:320,36,1,12
BRDA:321,37,0,26
BRDA:321,37,1,48
BRDA:331,38,0,17
BRDA:331,38,1,82
BRDA:346,39,0,17
BRDA:346,39,1,0
BRDA:347,40,0,13
BRDA:347,40,1,4
BRDA:357,41,0,4
BRDA:357,41,1,95
BRDA:362,42,0,4
BRDA:362,42,1,0
BRDA:365,43,0,4
BRDA:365,43,1,0
BRDA:369,44,0,4
BRDA:369,44,1,0
BRDA:370,45,0,0
BRDA:370,45,1,4
BRDA:386,46,0,0
BRDA:386,46,1,0
BRDA:387,47,0,0
BRDA:387,47,1,0
BRDA:390,48,0,0
BRDA:390,48,1,0
BRDA:394,49,0,0
BRDA:394,49,1,0
BRDA:395,50,0,0
BRDA:395,50,1,0
BRDA:416,51,0,0
BRDA:416,51,1,0
BRDA:425,52,0,14
BRDA:425,52,1,14
BRF:105
BRH:53
end_of_record
TN:
SF:src/index.ts
FNF:0
FNH:0
DA:1,0
DA:2,0
DA:4,0
LF:3
LH:0
BRF:0
BRH:0
end_of_record
TN:
SF:src/rules/utils.ts
FN:11,isProperty
FN:15,isIdentifier
FN:19,isCallExpression
FN:23,isObjectExpression
FN:27,(anonymous_4)
FN:37,(anonymous_5)
FN:45,(anonymous_6)
FN:54,(anonymous_7)
FN:66,calculateLocation
FN:82,getDecoratorTemplate
FNF:10
FNH:10
FNDA:7,isProperty
FNDA:12,isIdentifier
FNDA:7,isCallExpression
FNDA:14,isObjectExpression
FNDA:7,(anonymous_4)
FNDA:7,(anonymous_5)
FNDA:12,(anonymous_6)
FNDA:7,(anonymous_7)
FNDA:7,calculateLocation
FNDA:7,getDecoratorTemplate
DA:12,7
DA:16,12
DA:20,7
DA:24,14
DA:27,2
DA:28,7
DA:29,7
DA:30,0
DA:32,7
DA:34,7
DA:37,2
DA:38,7
DA:40,7
DA:41,0
DA:44,7
DA:45,12
DA:47,7
DA:48,0
DA:51,7
DA:54,2
DA:58,7
DA:59,7
DA:60,0
DA:63,7
DA:66,2
DA:70,7
DA:74,7
DA:79,7
DA:82,2
DA:90,7
DA:91,7
DA:92,0
DA:95,7
DA:96,7
DA:97,7
DA:98,0
DA:101,7
LF:37
LH:31
BRDA:29,0,0,0
BRDA:29,0,1,7
BRDA:29,1,0,7
BRDA:29,1,1,7
BRDA:29,1,2,7
BRDA:34,2,0,7
BRDA:34,2,1,0
BRDA:34,3,0,7
BRDA:34,3,1,7
BRDA:40,4,0,0
BRDA:40,4,1,7
BRDA:40,5,0,7
BRDA:40,5,1,7
BRDA:45,6,0,12
BRDA:45,6,1,12
BRDA:45,6,2,12
BRDA:47,7,0,0
BRDA:47,7,1,7
BRDA:47,8,0,7
BRDA:47,8,1,7
BRDA:59,9,0,0
BRDA:59,9,1,7
BRDA:91,10,0,0
BRDA:91,10,1,7
BRDA:91,11,0,0
BRDA:91,11,1,7
BRDA:91,12,0,7
BRDA:91,12,1,7
BRDA:96,13,0,7
BRDA:96,13,1,0
BRDA:96,14,0,0
BRDA:96,14,1,7
BRDA:96,15,0,7
BRDA:96,15,1,7
BRDA:96,16,0,0
BRDA:96,16,1,7
BRDA:96,17,0,7
BRDA:96,17,1,7
BRDA:97,18,0,0
BRDA:97,18,1,7
BRF:40
BRH:29
end_of_record
TN:
SF:src/rules/no-clr-alert/index.ts
FN:8,(anonymous_0)
FN:26,(anonymous_1)
FN:28,(anonymous_2)
FN:34,(anonymous_3)
FN:35,(anonymous_4)
FN:44,(anonymous_5)
FNF:6
FNH:6
FNDA:1,(anonymous_0)
FNDA:9,(anonymous_1)
FNDA:3,(anonymous_2)
FNDA:15,(anonymous_3)
FNDA:15,(anonymous_4)
FNDA:3,(anonymous_5)
DA:1,1
DA:2,1
DA:3,1
DA:6,1
DA:8,1
DA:10,1
DA:27,9
DA:29,3
DA:35,15
DA:36,15
DA:37,15
DA:38,2
DA:45,3
DA:46,3
DA:47,0
DA:50,3
DA:52,3
DA:55,3
DA:57,3
DA:58,2
DA:59,2
DA:60,2
LF:22
LH:21
BRDA:35,0,0,0
BRDA:35,0,1,15
BRDA:35,1,0,15
BRDA:35,1,1,15
BRDA:36,2,0,15
BRDA:36,2,1,0
BRDA:36,3,0,0
BRDA:36,3,1,15
BRDA:36,4,0,15
BRDA:36,4,1,15
BRDA:36,5,0,0
BRDA:36,5,1,15
BRDA:36,6,0,15
BRDA:36,6,1,15
BRDA:36,7,0,0
BRDA:36,7,1,15
BRDA:36,8,0,15
BRDA:36,8,1,15
BRDA:37,9,0,2
BRDA:37,9,1,13
BRDA:46,10,0,0
BRDA:46,10,1,3
BRF:22
BRH:16
end_of_record
TN:
SF:src/rules/no-clr-button/disallowed-classes.ts
FN:6,(anonymous_0)
FNF:1
FNH:1
FNDA:4,(anonymous_0)
DA:1,1
DA:3,1
DA:5,1
DA:6,4
LF:4
LH:4
BRF:0
BRH:0
end_of_record
TN:
SF:src/rules/no-clr-button/index.ts
FN:7,(anonymous_0)
FN:10,hasDisallowedClasses
FN:11,(anonymous_2)
FN:30,(anonymous_3)
FN:32,(anonymous_4)
FN:33,(anonymous_5)
FN:42,(anonymous_6)
FNF:7
FNH:7
FNDA:1,(anonymous_0)
FNDA:8,hasDisallowedClasses
FNDA:8,(anonymous_2)
FNDA:12,(anonymous_3)
FNDA:8,(anonymous_4)
FNDA:9,(anonymous_5)
FNDA:4,(anonymous_6)
DA:1,1
DA:2,1
DA:3,1
DA:5,1
DA:7,1
DA:11,8
DA:14,1
DA:31,12
DA:33,9
DA:34,8
DA:35,8
DA:36,7
DA:43,4
DA:44,4
DA:45,0
DA:48,4
DA:50,4
DA:53,4
DA:55,4
DA:56,5
DA:57,5
DA:58,5
LF:22
LH:21
BRDA:11,0,0,8
BRDA:11,0,1,7
BRDA:33,1,0,0
BRDA:33,1,1,8
BRDA:33,2,0,8
BRDA:33,2,1,8
BRDA:34,3,0,8
BRDA:34,3,1,0
BRDA:34,4,0,0
BRDA:34,4,1,8
BRDA:34,5,0,8
BRDA:34,5,1,8
BRDA:34,6,0,0
BRDA:34,6,1,8
BRDA:34,7,0,8
BRDA:34,7,1,8
BRDA:34,8,0,0
BRDA:34,8,1,8
BRDA:34,9,0,8
BRDA:34,9,1,8
BRDA:35,10,0,7
BRDA:35,10,1,1
BRDA:44,11,0,0
BRDA:44,11,1,4
BRF:24
BRH:18
end_of_record
TN:
SF:src/types/index.d.ts
FNF:0
FNH:0
LF:0
LH:0
BRF:0
BRH:0
end_of_record
